This file contains any messages produced by compilers while
running configure, to aid debugging if configure makes a mistake.

It was created by configure, which was
generated by GNU Autoconf 2.59.  Invocation command line was

  $ ./configure --host=arm-linux --without-qtgui --disable-sound --disable-alsa --disable-simulation --without-pic --disable-dependency-tracking --without-faac

## --------- ##
## Platform. ##
## --------- ##

hostname = soc3
uname -m = i686
uname -r = 2.6.18-348.12.1.el5PAE
uname -s = Linux
uname -v = #1 SMP Wed Jul 10 06:17:31 EDT 2013

/usr/bin/uname -p = unknown
/bin/uname -X     = unknown

/bin/arch              = i686
/usr/bin/arch -k       = unknown
/usr/convex/getsysinfo = unknown
hostinfo               = unknown
/bin/machine           = unknown
/usr/bin/oslevel       = unknown
/bin/universe          = unknown

PATH: /usr/sbin
PATH: /sbin
PATH: /usr/local/etc
PATH: /usr/local/packages/validation/bin
PATH: /usr/bin
PATH: /bin
PATH: /usr/X11R6/bin
PATH: /usr/local/bin
PATH: /usr/local/packages/Imperas.20100528.0/bin/Linux
PATH: /usr/local/packages/arm/arm-2008q1/bin


## ----------- ##
## Core tests. ##
## ----------- ##

configure:1547: checking for a BSD-compatible install
configure:1602: result: /usr/bin/install -c
configure:1613: checking whether build environment is sane
configure:1656: result: yes
configure:1721: checking for gawk
configure:1737: found /usr/bin/gawk
configure:1747: result: gawk
configure:1757: checking whether make sets $(MAKE)
configure:1777: result: yes
configure:1853: checking for arm-linux-strip
configure:1869: found /usr/local/packages/arm/arm-2008q1/bin/arm-linux-strip
configure:1879: result: arm-linux-strip
configure:2029: checking build system type
configure:2047: result: i686-pc-linux
configure:2055: checking host system type
configure:2069: result: arm-unknown-linux
configure:2089: checking for style of include used by make
configure:2117: result: GNU
configure:2150: checking for arm-linux-gcc
configure:2176: result: arm-linux-gcc
configure:2458: checking for C compiler version
configure:2461: arm-linux-gcc --version </dev/null >&5
arm-linux-gcc (Sourcery G++ Lite 2008q1-126) 4.2.3
Copyright (C) 2007 Free Software Foundation, Inc.
This is free software; see the source for copying conditions.  There is NO
warranty; not even for MERCHANTABILITY or FITNESS FOR A PARTICULAR PURPOSE.

configure:2464: $? = 0
configure:2466: arm-linux-gcc -v </dev/null >&5
Using built-in specs.
Target: arm-none-linux-gnueabi
Configured with: /scratch/sandra/lite/src/gcc-4.2/configure --build=i686-pc-linux-gnu --host=i686-pc-linux-gnu --target=arm-none-linux-gnueabi --enable-threads --disable-libmudflap --disable-libssp --disable-libgomp --disable-libstdcxx-pch --with-gnu-as --with-gnu-ld --enable-languages=c,c++ --enable-shared --enable-symvers=gnu --enable-__cxa_atexit --with-pkgversion=Sourcery G++ Lite 2008q1-126 --with-bugurl=https://support.codesourcery.com/GNUToolchain/ --disable-nls --prefix=/opt/codesourcery --with-sysroot=/opt/codesourcery/arm-none-linux-gnueabi/libc --with-build-sysroot=/scratch/sandra/lite/linux/install/arm-none-linux-gnueabi/libc --enable-poison-system-directories --with-build-time-tools=/scratch/sandra/lite/linux/install/arm-none-linux-gnueabi/bin --with-build-time-tools=/scratch/sandra/lite/linux/install/arm-none-linux-gnueabi/bin
Thread model: posix
gcc version 4.2.3 (Sourcery G++ Lite 2008q1-126)
configure:2469: $? = 0
configure:2471: arm-linux-gcc -V </dev/null >&5
arm-linux-gcc: '-V' option must have argument
configure:2474: $? = 1
configure:2497: checking for C compiler default output file name
configure:2500: arm-linux-gcc    conftest.c  >&5
configure:2503: $? = 0
configure:2549: result: a.out
configure:2554: checking whether the C compiler works
configure:2560: ./a.out
./configure: line 2561: ./a.out: cannot execute binary file
configure:2563: $? = 126
configure:2580: result: yes
configure:2587: checking whether we are cross compiling
configure:2589: result: yes
configure:2592: checking for suffix of executables
configure:2594: arm-linux-gcc -o conftest    conftest.c  >&5
configure:2597: $? = 0
configure:2622: result: 
configure:2628: checking for suffix of object files
configure:2649: arm-linux-gcc -c   conftest.c >&5
configure:2652: $? = 0
configure:2674: result: o
configure:2678: checking whether we are using the GNU C compiler
configure:2702: arm-linux-gcc -c   conftest.c >&5
configure:2708: $? = 0
configure:2712: test -z 
			 || test ! -s conftest.err
configure:2715: $? = 0
configure:2718: test -s conftest.o
configure:2721: $? = 0
configure:2734: result: yes
configure:2740: checking whether arm-linux-gcc accepts -g
configure:2761: arm-linux-gcc -c -g  conftest.c >&5
configure:2767: $? = 0
configure:2771: test -z 
			 || test ! -s conftest.err
configure:2774: $? = 0
configure:2777: test -s conftest.o
configure:2780: $? = 0
configure:2791: result: yes
configure:2808: checking for arm-linux-gcc option to accept ANSI C
configure:2878: arm-linux-gcc  -c -g -O2  conftest.c >&5
configure:2884: $? = 0
configure:2888: test -z 
			 || test ! -s conftest.err
configure:2891: $? = 0
configure:2894: test -s conftest.o
configure:2897: $? = 0
configure:2915: result: none needed
configure:2933: arm-linux-gcc -c -g -O2  conftest.c >&5
conftest.c:2: error: expected '=', ',', ';', 'asm' or '__attribute__' before 'me'
configure:2939: $? = 1
configure: failed program was:
| #ifndef __cplusplus
|   choke me
| #endif
configure:3074: checking dependency style of arm-linux-gcc
configure:3164: result: none
configure:3181: checking for a sed that does not truncate output
configure:3235: result: /bin/sed
configure:3238: checking for egrep
configure:3248: result: grep -E
configure:3264: checking for ld used by arm-linux-gcc
configure:3331: result: /misc/linuxws/packages/arm/arm-2008q1/arm-none-linux-gnueabi/bin/ld
configure:3340: checking if the linker (/misc/linuxws/packages/arm/arm-2008q1/arm-none-linux-gnueabi/bin/ld) is GNU ld
configure:3355: result: yes
configure:3360: checking for /misc/linuxws/packages/arm/arm-2008q1/arm-none-linux-gnueabi/bin/ld option to reload object files
configure:3367: result: -r
configure:3385: checking for BSD-compatible nm
configure:3427: result: /usr/local/packages/arm/arm-2008q1/bin/arm-linux-nm -B
configure:3431: checking whether ln -s works
configure:3435: result: yes
configure:3442: checking how to recognise dependent libraries
configure:3623: result: pass_all
configure:3837: checking how to run the C preprocessor
configure:3872: arm-linux-gcc -E  conftest.c
configure:3878: $? = 0
configure:3910: arm-linux-gcc -E  conftest.c
conftest.c:11:28: error: ac_nonexistent.h: No such file or directory
configure:3916: $? = 1
configure: failed program was:
| /* confdefs.h.  */
| 
| #define PACKAGE_NAME ""
| #define PACKAGE_TARNAME ""
| #define PACKAGE_VERSION ""
| #define PACKAGE_STRING ""
| #define PACKAGE_BUGREPORT ""
| #define PACKAGE "drm"
| #define VERSION "1.2.4"
| /* end confdefs.h.  */
| #include <ac_nonexistent.h>
configure:3955: result: arm-linux-gcc -E
configure:3979: arm-linux-gcc -E  conftest.c
configure:3985: $? = 0
configure:4017: arm-linux-gcc -E  conftest.c
conftest.c:11:28: error: ac_nonexistent.h: No such file or directory
configure:4023: $? = 1
configure: failed program was:
| /* confdefs.h.  */
| 
| #define PACKAGE_NAME ""
| #define PACKAGE_TARNAME ""
| #define PACKAGE_VERSION ""
| #define PACKAGE_STRING ""
| #define PACKAGE_BUGREPORT ""
| #define PACKAGE "drm"
| #define VERSION "1.2.4"
| /* end confdefs.h.  */
| #include <ac_nonexistent.h>
configure:4067: checking for ANSI C header files
configure:4092: arm-linux-gcc -c -g -O2  conftest.c >&5
configure:4098: $? = 0
configure:4102: test -z 
			 || test ! -s conftest.err
configure:4105: $? = 0
configure:4108: test -s conftest.o
configure:4111: $? = 0
configure:4223: result: yes
configure:4247: checking for sys/types.h
configure:4263: arm-linux-gcc -c -g -O2  conftest.c >&5
configure:4269: $? = 0
configure:4273: test -z 
			 || test ! -s conftest.err
configure:4276: $? = 0
configure:4279: test -s conftest.o
configure:4282: $? = 0
configure:4293: result: yes
configure:4247: checking for sys/stat.h
configure:4263: arm-linux-gcc -c -g -O2  conftest.c >&5
configure:4269: $? = 0
configure:4273: test -z 
			 || test ! -s conftest.err
configure:4276: $? = 0
configure:4279: test -s conftest.o
configure:4282: $? = 0
configure:4293: result: yes
configure:4247: checking for stdlib.h
configure:4263: arm-linux-gcc -c -g -O2  conftest.c >&5
configure:4269: $? = 0
configure:4273: test -z 
			 || test ! -s conftest.err
configure:4276: $? = 0
configure:4279: test -s conftest.o
configure:4282: $? = 0
configure:4293: result: yes
configure:4247: checking for string.h
configure:4263: arm-linux-gcc -c -g -O2  conftest.c >&5
configure:4269: $? = 0
configure:4273: test -z 
			 || test ! -s conftest.err
configure:4276: $? = 0
configure:4279: test -s conftest.o
configure:4282: $? = 0
configure:4293: result: yes
configure:4247: checking for memory.h
configure:4263: arm-linux-gcc -c -g -O2  conftest.c >&5
configure:4269: $? = 0
configure:4273: test -z 
			 || test ! -s conftest.err
configure:4276: $? = 0
configure:4279: test -s conftest.o
configure:4282: $? = 0
configure:4293: result: yes
configure:4247: checking for strings.h
configure:4263: arm-linux-gcc -c -g -O2  conftest.c >&5
configure:4269: $? = 0
configure:4273: test -z 
			 || test ! -s conftest.err
configure:4276: $? = 0
configure:4279: test -s conftest.o
configure:4282: $? = 0
configure:4293: result: yes
configure:4247: checking for inttypes.h
configure:4263: arm-linux-gcc -c -g -O2  conftest.c >&5
configure:4269: $? = 0
configure:4273: test -z 
			 || test ! -s conftest.err
configure:4276: $? = 0
configure:4279: test -s conftest.o
configure:4282: $? = 0
configure:4293: result: yes
configure:4247: checking for stdint.h
configure:4263: arm-linux-gcc -c -g -O2  conftest.c >&5
configure:4269: $? = 0
configure:4273: test -z 
			 || test ! -s conftest.err
configure:4276: $? = 0
configure:4279: test -s conftest.o
configure:4282: $? = 0
configure:4293: result: yes
configure:4247: checking for unistd.h
configure:4263: arm-linux-gcc -c -g -O2  conftest.c >&5
configure:4269: $? = 0
configure:4273: test -z 
			 || test ! -s conftest.err
configure:4276: $? = 0
configure:4279: test -s conftest.o
configure:4282: $? = 0
configure:4293: result: yes
configure:4319: checking dlfcn.h usability
configure:4331: arm-linux-gcc -c -g -O2  conftest.c >&5
configure:4337: $? = 0
configure:4341: test -z 
			 || test ! -s conftest.err
configure:4344: $? = 0
configure:4347: test -s conftest.o
configure:4350: $? = 0
configure:4360: result: yes
configure:4364: checking dlfcn.h presence
configure:4374: arm-linux-gcc -E  conftest.c
configure:4380: $? = 0
configure:4400: result: yes
configure:4435: checking for dlfcn.h
configure:4442: result: yes
configure:4465: checking for arm-linux-g++
configure:4491: result: arm-linux-g++ -pg -fpermissive
configure:4549: checking for C++ compiler version
configure:4552: arm-linux-g++ -pg -fpermissive --version </dev/null >&5
arm-linux-g++ (Sourcery G++ Lite 2008q1-126) 4.2.3
Copyright (C) 2007 Free Software Foundation, Inc.
This is free software; see the source for copying conditions.  There is NO
warranty; not even for MERCHANTABILITY or FITNESS FOR A PARTICULAR PURPOSE.

configure:4555: $? = 0
configure:4557: arm-linux-g++ -pg -fpermissive -v </dev/null >&5
Using built-in specs.
Target: arm-none-linux-gnueabi
Configured with: /scratch/sandra/lite/src/gcc-4.2/configure --build=i686-pc-linux-gnu --host=i686-pc-linux-gnu --target=arm-none-linux-gnueabi --enable-threads --disable-libmudflap --disable-libssp --disable-libgomp --disable-libstdcxx-pch --with-gnu-as --with-gnu-ld --enable-languages=c,c++ --enable-shared --enable-symvers=gnu --enable-__cxa_atexit --with-pkgversion=Sourcery G++ Lite 2008q1-126 --with-bugurl=https://support.codesourcery.com/GNUToolchain/ --disable-nls --prefix=/opt/codesourcery --with-sysroot=/opt/codesourcery/arm-none-linux-gnueabi/libc --with-build-sysroot=/scratch/sandra/lite/linux/install/arm-none-linux-gnueabi/libc --enable-poison-system-directories --with-build-time-tools=/scratch/sandra/lite/linux/install/arm-none-linux-gnueabi/bin --with-build-time-tools=/scratch/sandra/lite/linux/install/arm-none-linux-gnueabi/bin
Thread model: posix
gcc version 4.2.3 (Sourcery G++ Lite 2008q1-126)
configure:4560: $? = 0
configure:4562: arm-linux-g++ -pg -fpermissive -V </dev/null >&5
arm-linux-g++: argument to '-V' missing

configure:4565: $? = 1
configure:4568: checking whether we are using the GNU C++ compiler
configure:4592: arm-linux-g++ -pg -fpermissive -c --static -O3 -L/misc/scratch/wodonnell/soc/drm-1.2.4-fxp/faad2/libfaad/.libs -I/misc/scratch/wodonnell/soc/drm-1.2.4-fxp/faad2/include  conftest.cc >&5
configure:4598: $? = 0
configure:4602: test -z 
			 || test ! -s conftest.err
configure:4605: $? = 0
configure:4608: test -s conftest.o
configure:4611: $? = 0
configure:4624: result: yes
configure:4630: checking whether arm-linux-g++ -pg -fpermissive accepts -g
configure:4651: arm-linux-g++ -pg -fpermissive -c -g  conftest.cc >&5
configure:4657: $? = 0
configure:4661: test -z 
			 || test ! -s conftest.err
configure:4664: $? = 0
configure:4667: test -s conftest.o
configure:4670: $? = 0
configure:4681: result: yes
configure:4723: arm-linux-g++ -pg -fpermissive -c --static -O3 -L/misc/scratch/wodonnell/soc/drm-1.2.4-fxp/faad2/libfaad/.libs -I/misc/scratch/wodonnell/soc/drm-1.2.4-fxp/faad2/include  conftest.cc >&5
configure:4729: $? = 0
configure:4733: test -z 
			 || test ! -s conftest.err
configure:4736: $? = 0
configure:4739: test -s conftest.o
configure:4742: $? = 0
configure:4768: arm-linux-g++ -pg -fpermissive -c --static -O3 -L/misc/scratch/wodonnell/soc/drm-1.2.4-fxp/faad2/libfaad/.libs -I/misc/scratch/wodonnell/soc/drm-1.2.4-fxp/faad2/include  conftest.cc >&5
conftest.cc: In function 'int main()':
conftest.cc:26: error: 'exit' was not declared in this scope
configure:4774: $? = 1
configure: failed program was:
| /* confdefs.h.  */
| 
| #define PACKAGE_NAME ""
| #define PACKAGE_TARNAME ""
| #define PACKAGE_VERSION ""
| #define PACKAGE_STRING ""
| #define PACKAGE_BUGREPORT ""
| #define PACKAGE "drm"
| #define VERSION "1.2.4"
| #define STDC_HEADERS 1
| #define HAVE_SYS_TYPES_H 1
| #define HAVE_SYS_STAT_H 1
| #define HAVE_STDLIB_H 1
| #define HAVE_STRING_H 1
| #define HAVE_MEMORY_H 1
| #define HAVE_STRINGS_H 1
| #define HAVE_INTTYPES_H 1
| #define HAVE_STDINT_H 1
| #define HAVE_UNISTD_H 1
| #define HAVE_DLFCN_H 1
| /* end confdefs.h.  */
| 
| int
| main ()
| {
| exit (42);
|   ;
|   return 0;
| }
configure:4723: arm-linux-g++ -pg -fpermissive -c --static -O3 -L/misc/scratch/wodonnell/soc/drm-1.2.4-fxp/faad2/libfaad/.libs -I/misc/scratch/wodonnell/soc/drm-1.2.4-fxp/faad2/include  conftest.cc >&5
conftest.cc:22: error: 'void std::exit(int)' should have been declared inside 'std'
configure:4729: $? = 1
configure: failed program was:
| /* confdefs.h.  */
| 
| #define PACKAGE_NAME ""
| #define PACKAGE_TARNAME ""
| #define PACKAGE_VERSION ""
| #define PACKAGE_STRING ""
| #define PACKAGE_BUGREPORT ""
| #define PACKAGE "drm"
| #define VERSION "1.2.4"
| #define STDC_HEADERS 1
| #define HAVE_SYS_TYPES_H 1
| #define HAVE_SYS_STAT_H 1
| #define HAVE_STDLIB_H 1
| #define HAVE_STRING_H 1
| #define HAVE_MEMORY_H 1
| #define HAVE_STRINGS_H 1
| #define HAVE_INTTYPES_H 1
| #define HAVE_STDINT_H 1
| #define HAVE_UNISTD_H 1
| #define HAVE_DLFCN_H 1
| /* end confdefs.h.  */
| extern "C" void std::exit (int) throw (); using std::exit;
| #include <stdlib.h>
| int
| main ()
| {
| exit (42);
|   ;
|   return 0;
| }
configure:4723: arm-linux-g++ -pg -fpermissive -c --static -O3 -L/misc/scratch/wodonnell/soc/drm-1.2.4-fxp/faad2/libfaad/.libs -I/misc/scratch/wodonnell/soc/drm-1.2.4-fxp/faad2/include  conftest.cc >&5
conftest.cc:22: error: 'void std::exit(int)' should have been declared inside 'std'
In file included from conftest.cc:23:
/misc/linuxws/packages/arm/arm-2008q1/bin/../arm-none-linux-gnueabi/libc/usr/include/stdlib.h:646: error: declaration of 'void std::exit(int) throw ()' throws different exceptions
conftest.cc:22: error: from previous declaration 'void std::exit(int)'
configure:4729: $? = 1
configure: failed program was:
| /* confdefs.h.  */
| 
| #define PACKAGE_NAME ""
| #define PACKAGE_TARNAME ""
| #define PACKAGE_VERSION ""
| #define PACKAGE_STRING ""
| #define PACKAGE_BUGREPORT ""
| #define PACKAGE "drm"
| #define VERSION "1.2.4"
| #define STDC_HEADERS 1
| #define HAVE_SYS_TYPES_H 1
| #define HAVE_SYS_STAT_H 1
| #define HAVE_STDLIB_H 1
| #define HAVE_STRING_H 1
| #define HAVE_MEMORY_H 1
| #define HAVE_STRINGS_H 1
| #define HAVE_INTTYPES_H 1
| #define HAVE_STDINT_H 1
| #define HAVE_UNISTD_H 1
| #define HAVE_DLFCN_H 1
| /* end confdefs.h.  */
| extern "C" void std::exit (int); using std::exit;
| #include <stdlib.h>
| int
| main ()
| {
| exit (42);
|   ;
|   return 0;
| }
configure:4723: arm-linux-g++ -pg -fpermissive -c --static -O3 -L/misc/scratch/wodonnell/soc/drm-1.2.4-fxp/faad2/libfaad/.libs -I/misc/scratch/wodonnell/soc/drm-1.2.4-fxp/faad2/include  conftest.cc >&5
configure:4729: $? = 0
configure:4733: test -z 
			 || test ! -s conftest.err
configure:4736: $? = 0
configure:4739: test -s conftest.o
configure:4742: $? = 0
configure:4768: arm-linux-g++ -pg -fpermissive -c --static -O3 -L/misc/scratch/wodonnell/soc/drm-1.2.4-fxp/faad2/libfaad/.libs -I/misc/scratch/wodonnell/soc/drm-1.2.4-fxp/faad2/include  conftest.cc >&5
configure:4774: $? = 0
configure:4778: test -z 
			 || test ! -s conftest.err
configure:4781: $? = 0
configure:4784: test -s conftest.o
configure:4787: $? = 0
configure:4812: checking dependency style of arm-linux-g++ -pg -fpermissive
configure:4902: result: none
configure:4924: checking how to run the C++ preprocessor
configure:4955: arm-linux-g++ -pg -fpermissive -E  conftest.cc
configure:4961: $? = 0
configure:4993: arm-linux-g++ -pg -fpermissive -E  conftest.cc
conftest.cc:25:28: error: ac_nonexistent.h: No such file or directory
configure:4999: $? = 1
configure: failed program was:
| /* confdefs.h.  */
| 
| #define PACKAGE_NAME ""
| #define PACKAGE_TARNAME ""
| #define PACKAGE_VERSION ""
| #define PACKAGE_STRING ""
| #define PACKAGE_BUGREPORT ""
| #define PACKAGE "drm"
| #define VERSION "1.2.4"
| #define STDC_HEADERS 1
| #define HAVE_SYS_TYPES_H 1
| #define HAVE_SYS_STAT_H 1
| #define HAVE_STDLIB_H 1
| #define HAVE_STRING_H 1
| #define HAVE_MEMORY_H 1
| #define HAVE_STRINGS_H 1
| #define HAVE_INTTYPES_H 1
| #define HAVE_STDINT_H 1
| #define HAVE_UNISTD_H 1
| #define HAVE_DLFCN_H 1
| #ifdef __cplusplus
| extern "C" void exit (int) throw ();
| #endif
| /* end confdefs.h.  */
| #include <ac_nonexistent.h>
configure:5038: result: arm-linux-g++ -pg -fpermissive -E
configure:5062: arm-linux-g++ -pg -fpermissive -E  conftest.cc
configure:5068: $? = 0
configure:5100: arm-linux-g++ -pg -fpermissive -E  conftest.cc
conftest.cc:25:28: error: ac_nonexistent.h: No such file or directory
configure:5106: $? = 1
configure: failed program was:
| /* confdefs.h.  */
| 
| #define PACKAGE_NAME ""
| #define PACKAGE_TARNAME ""
| #define PACKAGE_VERSION ""
| #define PACKAGE_STRING ""
| #define PACKAGE_BUGREPORT ""
| #define PACKAGE "drm"
| #define VERSION "1.2.4"
| #define STDC_HEADERS 1
| #define HAVE_SYS_TYPES_H 1
| #define HAVE_SYS_STAT_H 1
| #define HAVE_STDLIB_H 1
| #define HAVE_STRING_H 1
| #define HAVE_MEMORY_H 1
| #define HAVE_STRINGS_H 1
| #define HAVE_INTTYPES_H 1
| #define HAVE_STDINT_H 1
| #define HAVE_UNISTD_H 1
| #define HAVE_DLFCN_H 1
| #ifdef __cplusplus
| extern "C" void exit (int) throw ();
| #endif
| /* end confdefs.h.  */
| #include <ac_nonexistent.h>
configure:5159: checking for arm-linux-g77
configure:5188: result: no
configure:5159: checking for arm-linux-f77
configure:5188: result: no
configure:5159: checking for arm-linux-xlf
configure:5188: result: no
configure:5159: checking for arm-linux-frt
configure:5188: result: no
configure:5159: checking for arm-linux-pgf77
configure:5188: result: no
configure:5159: checking for arm-linux-fort77
configure:5188: result: no
configure:5159: checking for arm-linux-fl32
configure:5188: result: no
configure:5159: checking for arm-linux-af77
configure:5188: result: no
configure:5159: checking for arm-linux-f90
configure:5188: result: no
configure:5159: checking for arm-linux-xlf90
configure:5188: result: no
configure:5159: checking for arm-linux-pgf90
configure:5188: result: no
configure:5159: checking for arm-linux-epcf90
configure:5188: result: no
configure:5159: checking for arm-linux-f95
configure:5188: result: no
configure:5159: checking for arm-linux-fort
configure:5188: result: no
configure:5159: checking for arm-linux-xlf95
configure:5188: result: no
configure:5159: checking for arm-linux-ifc
configure:5188: result: no
configure:5159: checking for arm-linux-efc
configure:5188: result: no
configure:5159: checking for arm-linux-pgf95
configure:5188: result: no
configure:5159: checking for arm-linux-lf95
configure:5188: result: no
configure:5159: checking for arm-linux-gfortran
configure:5188: result: no
configure:5201: checking for g77
configure:5217: found /usr/bin/g77
configure:5227: result: g77
configure:5242: checking for Fortran 77 compiler version
configure:5245: g77 --version </dev/null >&5
GNU Fortran (GCC) 3.4.6 20060404 (Red Hat 3.4.6-4.1)
Copyright (C) 2006 Free Software Foundation, Inc.

GNU Fortran comes with NO WARRANTY, to the extent permitted by law.
You may redistribute copies of GNU Fortran
under the terms of the GNU General Public License.
For more information about these matters, see the file named COPYING
or type the command `info -f g77 Copying'.
configure:5248: $? = 0
configure:5250: g77 -v </dev/null >&5
Reading specs from /usr/lib/gcc/i386-redhat-linux/3.4.6/specs
Configured with: ../configure --prefix=/usr --mandir=/usr/share/man --infodir=/usr/share/info --enable-shared --enable-threads=posix --disable-checking --with-system-zlib --enable-__cxa_atexit --disable-libunwind-exceptions --enable-languages=c,c++,f77 --disable-libgcj --host=i386-redhat-linux
Thread model: posix
gcc version 3.4.6 20060404 (Red Hat 3.4.6-4.1)
configure:5253: $? = 0
configure:5255: g77 -V </dev/null >&5
g77: `-V' option must have argument
configure:5258: $? = 1
configure:5266: checking whether we are using the GNU Fortran 77 compiler
configure:5280: g77 -c  conftest.F >&5
configure:5286: $? = 0
configure:5290: test -z 
			 || test ! -s conftest.err
configure:5293: $? = 0
configure:5296: test -s conftest.o
configure:5299: $? = 0
configure:5312: result: yes
configure:5318: checking whether g77 accepts -g
configure:5330: g77 -c -g conftest.f >&5
configure:5336: $? = 0
configure:5340: test -z 
			 || test ! -s conftest.err
configure:5343: $? = 0
configure:5346: test -s conftest.o
configure:5349: $? = 0
configure:5361: result: yes
configure:5391: checking the maximum length of command line arguments
configure:5470: result: 32768
configure:5481: checking command to parse /usr/local/packages/arm/arm-2008q1/bin/arm-linux-nm -B output from arm-linux-gcc object
configure:5570: arm-linux-gcc -c -g -O2  conftest.c >&5
configure:5573: $? = 0
configure:5577: /usr/local/packages/arm/arm-2008q1/bin/arm-linux-nm -B conftest.o \| sed -n -e 's/^.*[ 	]\([ABCDGIRSTW][ABCDGIRSTW]*\)[ 	][ 	]*\(\)\([_A-Za-z][_A-Za-z0-9]*\)$/\1 \2\3 \3/p' \> conftest.nm
configure:5580: $? = 0
configure:5632: arm-linux-gcc -o conftest -g -O2   conftest.c conftstm.o >&5
configure:5635: $? = 0
configure:5673: result: ok
configure:5677: checking for objdir
configure:5692: result: .libs
configure:5744: checking for arm-linux-ar
configure:5760: found /usr/local/packages/arm/arm-2008q1/bin/arm-linux-ar
configure:5770: result: arm-linux-ar
configure:5824: checking for arm-linux-ranlib
configure:5840: found /usr/local/packages/arm/arm-2008q1/bin/arm-linux-ranlib
configure:5850: result: arm-linux-ranlib
configure:5904: checking for arm-linux-strip
configure:5930: result: arm-linux-strip
configure:6233: checking if arm-linux-gcc static flag  works
configure:6256: result: yes
configure:6274: checking if arm-linux-gcc supports -fno-rtti -fno-exceptions
configure:6292: arm-linux-gcc -c -g -O2  -fno-rtti -fno-exceptions conftest.c >&5
cc1: warning: command line option "-fno-rtti" is valid for C++/ObjC++ but not for C
configure:6296: $? = 0
configure:6307: result: no
configure:6322: checking for arm-linux-gcc option to produce PIC
configure:6509: result: -fPIC
configure:6517: checking if arm-linux-gcc PIC flag -fPIC works
configure:6535: arm-linux-gcc -c -g -O2  -fPIC -DPIC conftest.c >&5
configure:6539: $? = 0
configure:6550: result: yes
configure:6574: checking if arm-linux-gcc supports -c -o file.o
configure:6595: arm-linux-gcc -c -g -O2  -o out/conftest2.o conftest.c >&5
configure:6599: $? = 0
configure:6619: result: yes
configure:6645: checking whether the arm-linux-gcc linker (/misc/linuxws/packages/arm/arm-2008q1/arm-none-linux-gnueabi/bin/ld) supports shared libraries
configure:7494: result: yes
configure:7520: checking whether -lc should be explicitly linked in
configure:7525: arm-linux-gcc -c -g -O2  conftest.c >&5
configure:7528: $? = 0
configure:7542: arm-linux-gcc -shared conftest.o  -v -Wl,-soname -Wl,conftest -o conftest 2\>\&1 \| grep  -lc  \>/dev/null 2\>\&1
configure:7545: $? = 0
configure:7557: result: no
configure:7565: checking dynamic linker characteristics
configure:8105: result: GNU/Linux ld.so
configure:8109: checking how to hardcode library paths into programs
configure:8134: result: immediate
configure:8148: checking whether stripping libraries is possible
configure:8153: result: yes
configure:8983: checking if libtool supports shared libraries
configure:8985: result: yes
configure:8988: checking whether to build shared libraries
configure:9009: result: yes
configure:9012: checking whether to build static libraries
configure:9016: result: yes
configure:9108: creating libtool
configure:9655: checking for ld used by arm-linux-g++ -pg -fpermissive
configure:9722: result: /misc/linuxws/packages/arm/arm-2008q1/arm-none-linux-gnueabi/bin/ld
configure:9731: checking if the linker (/misc/linuxws/packages/arm/arm-2008q1/arm-none-linux-gnueabi/bin/ld) is GNU ld
configure:9746: result: yes
configure:9797: checking whether the arm-linux-g++ -pg -fpermissive linker (/misc/linuxws/packages/arm/arm-2008q1/arm-none-linux-gnueabi/bin/ld) supports shared libraries
configure:10662: result: yes
configure:10680: arm-linux-g++ -pg -fpermissive -c --static -O3 -L/misc/scratch/wodonnell/soc/drm-1.2.4-fxp/faad2/libfaad/.libs -I/misc/scratch/wodonnell/soc/drm-1.2.4-fxp/faad2/include  conftest.cc >&5
configure:10683: $? = 0
configure:10779: checking for arm-linux-g++ -pg -fpermissive option to produce PIC
configure:11041: result: -fPIC
configure:11049: checking if arm-linux-g++ -pg -fpermissive PIC flag -fPIC works
configure:11067: arm-linux-g++ -pg -fpermissive -c --static -O3 -L/misc/scratch/wodonnell/soc/drm-1.2.4-fxp/faad2/libfaad/.libs -I/misc/scratch/wodonnell/soc/drm-1.2.4-fxp/faad2/include  -fPIC -DPIC conftest.cc >&5
configure:11071: $? = 0
configure:11082: result: yes
configure:11106: checking if arm-linux-g++ -pg -fpermissive supports -c -o file.o
configure:11127: arm-linux-g++ -pg -fpermissive -c --static -O3 -L/misc/scratch/wodonnell/soc/drm-1.2.4-fxp/faad2/libfaad/.libs -I/misc/scratch/wodonnell/soc/drm-1.2.4-fxp/faad2/include  -o out/conftest2.o conftest.cc >&5
configure:11131: $? = 0
configure:11151: result: yes
configure:11177: checking whether the arm-linux-g++ -pg -fpermissive linker (/misc/linuxws/packages/arm/arm-2008q1/arm-none-linux-gnueabi/bin/ld) supports shared libraries
configure:11202: result: yes
configure:11273: checking dynamic linker characteristics
configure:11813: result: GNU/Linux ld.so
configure:11817: checking how to hardcode library paths into programs
configure:11842: result: immediate
configure:11856: checking whether stripping libraries is possible
configure:11861: result: yes
configure:13168: checking if libtool supports shared libraries
configure:13170: result: yes
configure:13173: checking whether to build shared libraries
configure:13191: result: yes
configure:13194: checking whether to build static libraries
configure:13198: result: yes
configure:13210: checking for g77 option to produce PIC
configure:13397: result: -fPIC
configure:13405: checking if g77 PIC flag -fPIC works
configure:13423: g77 -c -g -O2 -fPIC conftest.f >&5
configure:13427: $? = 0
configure:13438: result: yes
configure:13462: checking if g77 supports -c -o file.o
configure:13483: g77 -c -g -O2 -o out/conftest2.o conftest.f >&5
configure:13487: $? = 0
configure:13507: result: yes
configure:13533: checking whether the g77 linker (/misc/linuxws/packages/arm/arm-2008q1/arm-none-linux-gnueabi/bin/ld) supports shared libraries
configure:14362: result: yes
configure:14433: checking dynamic linker characteristics
configure:14973: result: GNU/Linux ld.so
configure:14977: checking how to hardcode library paths into programs
configure:15002: result: immediate
configure:15016: checking whether stripping libraries is possible
configure:15021: result: yes
configure:19126: checking for arm-linux-gcc
configure:19152: result: arm-linux-gcc
configure:19434: checking for C compiler version
configure:19437: arm-linux-gcc --version </dev/null >&5
arm-linux-gcc (Sourcery G++ Lite 2008q1-126) 4.2.3
Copyright (C) 2007 Free Software Foundation, Inc.
This is free software; see the source for copying conditions.  There is NO
warranty; not even for MERCHANTABILITY or FITNESS FOR A PARTICULAR PURPOSE.

configure:19440: $? = 0
configure:19442: arm-linux-gcc -v </dev/null >&5
Using built-in specs.
Target: arm-none-linux-gnueabi
Configured with: /scratch/sandra/lite/src/gcc-4.2/configure --build=i686-pc-linux-gnu --host=i686-pc-linux-gnu --target=arm-none-linux-gnueabi --enable-threads --disable-libmudflap --disable-libssp --disable-libgomp --disable-libstdcxx-pch --with-gnu-as --with-gnu-ld --enable-languages=c,c++ --enable-shared --enable-symvers=gnu --enable-__cxa_atexit --with-pkgversion=Sourcery G++ Lite 2008q1-126 --with-bugurl=https://support.codesourcery.com/GNUToolchain/ --disable-nls --prefix=/opt/codesourcery --with-sysroot=/opt/codesourcery/arm-none-linux-gnueabi/libc --with-build-sysroot=/scratch/sandra/lite/linux/install/arm-none-linux-gnueabi/libc --enable-poison-system-directories --with-build-time-tools=/scratch/sandra/lite/linux/install/arm-none-linux-gnueabi/bin --with-build-time-tools=/scratch/sandra/lite/linux/install/arm-none-linux-gnueabi/bin
Thread model: posix
gcc version 4.2.3 (Sourcery G++ Lite 2008q1-126)
configure:19445: $? = 0
configure:19447: arm-linux-gcc -V </dev/null >&5
arm-linux-gcc: '-V' option must have argument
configure:19450: $? = 1
configure:19453: checking whether we are using the GNU C compiler
configure:19509: result: yes
configure:19515: checking whether arm-linux-gcc accepts -g
configure:19566: result: yes
configure:19583: checking for arm-linux-gcc option to accept ANSI C
configure:19690: result: none needed
configure:19708: arm-linux-gcc -c -g -O2  conftest.c >&5
conftest.c:2: error: expected '=', ',', ';', 'asm' or '__attribute__' before 'me'
configure:19714: $? = 1
configure: failed program was:
| #ifndef __cplusplus
|   choke me
| #endif
configure:19849: checking dependency style of arm-linux-gcc
configure:19939: result: none
configure:19966: checking for arm-linux-g++
configure:19992: result: arm-linux-g++ -pg -fpermissive
configure:20050: checking for C++ compiler version
configure:20053: arm-linux-g++ -pg -fpermissive --version </dev/null >&5
arm-linux-g++ (Sourcery G++ Lite 2008q1-126) 4.2.3
Copyright (C) 2007 Free Software Foundation, Inc.
This is free software; see the source for copying conditions.  There is NO
warranty; not even for MERCHANTABILITY or FITNESS FOR A PARTICULAR PURPOSE.

configure:20056: $? = 0
configure:20058: arm-linux-g++ -pg -fpermissive -v </dev/null >&5
Using built-in specs.
Target: arm-none-linux-gnueabi
Configured with: /scratch/sandra/lite/src/gcc-4.2/configure --build=i686-pc-linux-gnu --host=i686-pc-linux-gnu --target=arm-none-linux-gnueabi --enable-threads --disable-libmudflap --disable-libssp --disable-libgomp --disable-libstdcxx-pch --with-gnu-as --with-gnu-ld --enable-languages=c,c++ --enable-shared --enable-symvers=gnu --enable-__cxa_atexit --with-pkgversion=Sourcery G++ Lite 2008q1-126 --with-bugurl=https://support.codesourcery.com/GNUToolchain/ --disable-nls --prefix=/opt/codesourcery --with-sysroot=/opt/codesourcery/arm-none-linux-gnueabi/libc --with-build-sysroot=/scratch/sandra/lite/linux/install/arm-none-linux-gnueabi/libc --enable-poison-system-directories --with-build-time-tools=/scratch/sandra/lite/linux/install/arm-none-linux-gnueabi/bin --with-build-time-tools=/scratch/sandra/lite/linux/install/arm-none-linux-gnueabi/bin
Thread model: posix
gcc version 4.2.3 (Sourcery G++ Lite 2008q1-126)
configure:20061: $? = 0
configure:20063: arm-linux-g++ -pg -fpermissive -V </dev/null >&5
arm-linux-g++: argument to '-V' missing

configure:20066: $? = 1
configure:20069: checking whether we are using the GNU C++ compiler
configure:20125: result: yes
configure:20131: checking whether arm-linux-g++ -pg -fpermissive accepts -g
configure:20182: result: yes
configure:20224: arm-linux-g++ -pg -fpermissive -c --static -O3 -L/misc/scratch/wodonnell/soc/drm-1.2.4-fxp/faad2/libfaad/.libs -I/misc/scratch/wodonnell/soc/drm-1.2.4-fxp/faad2/include  conftest.cc >&5
configure:20230: $? = 0
configure:20234: test -z 
			 || test ! -s conftest.err
configure:20237: $? = 0
configure:20240: test -s conftest.o
configure:20243: $? = 0
configure:20269: arm-linux-g++ -pg -fpermissive -c --static -O3 -L/misc/scratch/wodonnell/soc/drm-1.2.4-fxp/faad2/libfaad/.libs -I/misc/scratch/wodonnell/soc/drm-1.2.4-fxp/faad2/include  conftest.cc >&5
configure:20275: $? = 0
configure:20279: test -z 
			 || test ! -s conftest.err
configure:20282: $? = 0
configure:20285: test -s conftest.o
configure:20288: $? = 0
configure:20313: checking dependency style of arm-linux-g++ -pg -fpermissive
configure:20403: result: none
configure:20425: checking how to run the C preprocessor
configure:20543: result: arm-linux-gcc -E
configure:20567: arm-linux-gcc -E  conftest.c
configure:20573: $? = 0
configure:20605: arm-linux-gcc -E  conftest.c
conftest.c:25:28: error: ac_nonexistent.h: No such file or directory
configure:20611: $? = 1
configure: failed program was:
| /* confdefs.h.  */
| 
| #define PACKAGE_NAME ""
| #define PACKAGE_TARNAME ""
| #define PACKAGE_VERSION ""
| #define PACKAGE_STRING ""
| #define PACKAGE_BUGREPORT ""
| #define PACKAGE "drm"
| #define VERSION "1.2.4"
| #define STDC_HEADERS 1
| #define HAVE_SYS_TYPES_H 1
| #define HAVE_SYS_STAT_H 1
| #define HAVE_STDLIB_H 1
| #define HAVE_STRING_H 1
| #define HAVE_MEMORY_H 1
| #define HAVE_STRINGS_H 1
| #define HAVE_INTTYPES_H 1
| #define HAVE_STDINT_H 1
| #define HAVE_UNISTD_H 1
| #define HAVE_DLFCN_H 1
| #ifdef __cplusplus
| extern "C" void exit (int) throw ();
| #endif
| /* end confdefs.h.  */
| #include <ac_nonexistent.h>
configure:20667: checking for a BSD-compatible install
configure:20722: result: /usr/bin/install -c
configure:20733: checking whether make sets $(MAKE)
configure:20753: result: yes
configure:20766: checking for rpmbuild
configure:20782: found /usr/bin/rpmbuild
configure:20792: result: rpmbuild
configure:21157: checking for ANSI C header files
configure:21313: result: yes
configure:22245: checking faad.h usability
configure:22257: arm-linux-g++ -pg -fpermissive -c --static -O3 -L/misc/scratch/wodonnell/soc/drm-1.2.4-fxp/faad2/libfaad/.libs -I/misc/scratch/wodonnell/soc/drm-1.2.4-fxp/faad2/include  conftest.cc >&5
configure:22263: $? = 0
configure:22267: test -z 
			 || test ! -s conftest.err
configure:22270: $? = 0
configure:22273: test -s conftest.o
configure:22276: $? = 0
configure:22286: result: yes
configure:22290: checking faad.h presence
configure:22300: arm-linux-g++ -pg -fpermissive -E  conftest.cc
conftest.cc:26:18: error: faad.h: No such file or directory
configure:22306: $? = 1
configure: failed program was:
| /* confdefs.h.  */
| 
| #define PACKAGE_NAME ""
| #define PACKAGE_TARNAME ""
| #define PACKAGE_VERSION ""
| #define PACKAGE_STRING ""
| #define PACKAGE_BUGREPORT ""
| #define PACKAGE "drm"
| #define VERSION "1.2.4"
| #define STDC_HEADERS 1
| #define HAVE_SYS_TYPES_H 1
| #define HAVE_SYS_STAT_H 1
| #define HAVE_STDLIB_H 1
| #define HAVE_STRING_H 1
| #define HAVE_MEMORY_H 1
| #define HAVE_STRINGS_H 1
| #define HAVE_INTTYPES_H 1
| #define HAVE_STDINT_H 1
| #define HAVE_UNISTD_H 1
| #define HAVE_DLFCN_H 1
| #ifdef __cplusplus
| extern "C" void exit (int) throw ();
| #endif
| #define STDC_HEADERS 1
| /* end confdefs.h.  */
| #include <faad.h>
configure:22326: result: no
configure:22332: WARNING: faad.h: accepted by the compiler, rejected by the preprocessor!
configure:22334: WARNING: faad.h: proceeding with the compiler's result
configure:22361: checking for faad.h
configure:22368: result: yes
configure:22380: checking for NeAACDecOpen in -lfaad
configure:22410: arm-linux-g++ -pg -fpermissive -o conftest --static -O3 -L/misc/scratch/wodonnell/soc/drm-1.2.4-fxp/faad2/libfaad/.libs -I/misc/scratch/wodonnell/soc/drm-1.2.4-fxp/faad2/include   conftest.cc -lfaad -lm   >&5
configure:22416: $? = 0
configure:22420: test -z 
			 || test ! -s conftest.err
configure:22423: $? = 0
configure:22426: test -s conftest
configure:22429: $? = 0
configure:22442: result: yes
configure:22456: checking for NeAACDecInitDRM in -lfaad
configure:22486: arm-linux-g++ -pg -fpermissive -o conftest --static -O3 -L/misc/scratch/wodonnell/soc/drm-1.2.4-fxp/faad2/libfaad/.libs -I/misc/scratch/wodonnell/soc/drm-1.2.4-fxp/faad2/include   conftest.cc -lfaad -lm  -lfaad  >&5
configure:22492: $? = 0
configure:22496: test -z 
			 || test ! -s conftest.err
configure:22499: $? = 0
configure:22502: test -s conftest
configure:22505: $? = 0
configure:22518: result: yes
configure:23155: creating ./config.status

## ---------------------- ##
## Running config.status. ##
## ---------------------- ##

This file was extended by config.status, which was
generated by GNU Autoconf 2.59.  Invocation command line was

  CONFIG_FILES    = 
  CONFIG_HEADERS  = 
  CONFIG_LINKS    = 
  CONFIG_COMMANDS = 
  $ ./config.status 

on soc3

config.status:724: creating Makefile
config.status:724: creating linux/Makefile
config.status:724: creating drm.spec
config.status:828: creating config.h
config.status:942: config.h is unchanged
config.status:1122: executing depfiles commands

## ---------------- ##
## Cache variables. ##
## ---------------- ##

ac_cv_build=i686-pc-linux
ac_cv_build_alias=i686-pc-linux
ac_cv_c_compiler_gnu=yes
ac_cv_cxx_compiler_gnu=yes
ac_cv_env_CC_set=set
ac_cv_env_CC_value=arm-linux-gcc
ac_cv_env_CFLAGS_set=
ac_cv_env_CFLAGS_value=
ac_cv_env_CPPFLAGS_set=
ac_cv_env_CPPFLAGS_value=
ac_cv_env_CPP_set=
ac_cv_env_CPP_value=
ac_cv_env_CXXCPP_set=
ac_cv_env_CXXCPP_value=
ac_cv_env_CXXFLAGS_set=set
ac_cv_env_CXXFLAGS_value='--static -O3 -L/misc/scratch/wodonnell/soc/drm-1.2.4-fxp/faad2/libfaad/.libs -I/misc/scratch/wodonnell/soc/drm-1.2.4-fxp/faad2/include'
ac_cv_env_CXX_set=set
ac_cv_env_CXX_value='arm-linux-g++ -pg -fpermissive'
ac_cv_env_F77_set=
ac_cv_env_F77_value=
ac_cv_env_FFLAGS_set=
ac_cv_env_FFLAGS_value=
ac_cv_env_LDFLAGS_set=
ac_cv_env_LDFLAGS_value=
ac_cv_env_build_alias_set=
ac_cv_env_build_alias_value=
ac_cv_env_host_alias_set=set
ac_cv_env_host_alias_value=arm-linux
ac_cv_env_target_alias_set=
ac_cv_env_target_alias_value=
ac_cv_exeext=
ac_cv_f77_compiler_gnu=yes
ac_cv_header_dlfcn_h=yes
ac_cv_header_faad_h=yes
ac_cv_header_inttypes_h=yes
ac_cv_header_memory_h=yes
ac_cv_header_stdc=yes
ac_cv_header_stdint_h=yes
ac_cv_header_stdlib_h=yes
ac_cv_header_string_h=yes
ac_cv_header_strings_h=yes
ac_cv_header_sys_stat_h=yes
ac_cv_header_sys_types_h=yes
ac_cv_header_unistd_h=yes
ac_cv_host=arm-unknown-linux
ac_cv_host_alias=arm-linux
ac_cv_lib_faad_NeAACDecInitDRM=yes
ac_cv_lib_faad_NeAACDecOpen=yes
ac_cv_objext=o
ac_cv_path_install='/usr/bin/install -c'
ac_cv_prog_AR=arm-linux-ar
ac_cv_prog_AWK=gawk
ac_cv_prog_CC=arm-linux-gcc
ac_cv_prog_CPP='arm-linux-gcc -E'
ac_cv_prog_CXX='arm-linux-g++ -pg -fpermissive'
ac_cv_prog_CXXCPP='arm-linux-g++ -pg -fpermissive -E'
ac_cv_prog_RANLIB=arm-linux-ranlib
ac_cv_prog_RPMBUILD=rpmbuild
ac_cv_prog_STRIP=arm-linux-strip
ac_cv_prog_ac_ct_F77=g77
ac_cv_prog_cc_g=yes
ac_cv_prog_cc_stdc=
ac_cv_prog_cxx_g=yes
ac_cv_prog_egrep='grep -E'
ac_cv_prog_f77_g=yes
ac_cv_prog_make_make_set=yes
am_cv_CC_dependencies_compiler_type=none
am_cv_CXX_dependencies_compiler_type=none
lt_cv_deplibs_check_method=pass_all
lt_cv_file_magic_cmd='$MAGIC_CMD'
lt_cv_file_magic_test_file='/lib/libc.so.6 /lib/libc-2.5.so'
lt_cv_ld_reload_flag=-r
lt_cv_objdir=.libs
lt_cv_path_LD=/misc/linuxws/packages/arm/arm-2008q1/arm-none-linux-gnueabi/bin/ld
lt_cv_path_LDCXX=/misc/linuxws/packages/arm/arm-2008q1/arm-none-linux-gnueabi/bin/ld
lt_cv_path_NM='/usr/local/packages/arm/arm-2008q1/bin/arm-linux-nm -B'
lt_cv_path_SED=/bin/sed
lt_cv_prog_compiler_c_o=yes
lt_cv_prog_compiler_c_o_CXX=yes
lt_cv_prog_compiler_c_o_F77=yes
lt_cv_prog_compiler_rtti_exceptions=no
lt_cv_prog_gnu_ld=yes
lt_cv_prog_gnu_ldcxx=yes
lt_cv_sys_global_symbol_pipe='sed -n -e '\''s/^.*[ 	]\([ABCDGIRSTW][ABCDGIRSTW]*\)[ 	][ 	]*\(\)\([_A-Za-z][_A-Za-z0-9]*\)$/\1 \2\3 \3/p'\'''
lt_cv_sys_global_symbol_to_c_name_address='sed -n -e '\''s/^: \([^ ]*\) $/  {\"\1\", (lt_ptr) 0},/p'\'' -e '\''s/^[BCDEGRST] \([^ ]*\) \([^ ]*\)$/  {"\2", (lt_ptr) \&\2},/p'\'''
lt_cv_sys_global_symbol_to_cdecl='sed -n -e '\''s/^. .* \(.*\)$/extern int \1;/p'\'''
lt_cv_sys_max_cmd_len=32768
lt_lt_cv_prog_compiler_c_o='"yes"'
lt_lt_cv_prog_compiler_c_o_CXX='"yes"'
lt_lt_cv_prog_compiler_c_o_F77='"yes"'
lt_lt_cv_sys_global_symbol_pipe='"sed -n -e '\''s/^.*[ 	]\\([ABCDGIRSTW][ABCDGIRSTW]*\\)[ 	][ 	]*\\(\\)\\([_A-Za-z][_A-Za-z0-9]*\\)\$/\\1 \\2\\3 \\3/p'\''"'
lt_lt_cv_sys_global_symbol_to_c_name_address='"sed -n -e '\''s/^: \\([^ ]*\\) \$/  {\\\"\\1\\\", (lt_ptr) 0},/p'\'' -e '\''s/^[BCDEGRST] \\([^ ]*\\) \\([^ ]*\\)\$/  {\"\\2\", (lt_ptr) \\&\\2},/p'\''"'
lt_lt_cv_sys_global_symbol_to_cdecl='"sed -n -e '\''s/^. .* \\(.*\\)\$/extern int \\1;/p'\''"'

## ----------------- ##
## Output variables. ##
## ----------------- ##

ACLOCAL='${SHELL} /scratch/wodonnell/soc/drm-1.2.4-fxp/missing --run aclocal-1.9'
AMDEPBACKSLASH=''
AMDEP_FALSE=''
AMDEP_TRUE='#'
AMTAR='${SHELL} /scratch/wodonnell/soc/drm-1.2.4-fxp/missing --run tar'
AR='arm-linux-ar'
AUTOCONF='${SHELL} /scratch/wodonnell/soc/drm-1.2.4-fxp/missing --run autoconf'
AUTOHEADER='${SHELL} /scratch/wodonnell/soc/drm-1.2.4-fxp/missing --run autoheader'
AUTOMAKE='${SHELL} /scratch/wodonnell/soc/drm-1.2.4-fxp/missing --run automake-1.9'
AWK='gawk'
CC='arm-linux-gcc'
CCDEPMODE='depmode=none'
CFLAGS='-g -O2'
CPP='arm-linux-gcc -E'
CPPFLAGS=''
CXX='arm-linux-g++ -pg -fpermissive'
CXXCPP='arm-linux-g++ -pg -fpermissive -E'
CXXDEPMODE='depmode=none'
CXXFLAGS='--static -O3 -L/misc/scratch/wodonnell/soc/drm-1.2.4-fxp/faad2/libfaad/.libs -I/misc/scratch/wodonnell/soc/drm-1.2.4-fxp/faad2/include'
CYGPATH_W='echo'
DEFS='-DHAVE_CONFIG_H'
DEPDIR='.deps'
ECHO='echo'
ECHO_C=''
ECHO_N='-n'
ECHO_T=''
EGREP='grep -E'
EXEEXT=''
F77='g77'
FFLAGS='-g -O2'
INSTALL_DATA='${INSTALL} -m 644'
INSTALL_PROGRAM='${INSTALL}'
INSTALL_SCRIPT='${INSTALL}'
INSTALL_STRIP_PROGRAM='${SHELL} $(install_sh) -c -s'
LDFLAGS=''
LIBOBJS=''
LIBS='-lfaad -lfaad '
LIBTOOL='$(SHELL) $(top_builddir)/libtool'
LIBTOOL_DEPS='./ltmain.sh'
LN_S='ln -s'
LTLIBOBJS=''
MAKEINFO='${SHELL} /scratch/wodonnell/soc/drm-1.2.4-fxp/missing --run makeinfo'
MOC=''
OBJEXT='o'
PACKAGE='drm'
PACKAGE_BUGREPORT=''
PACKAGE_NAME=''
PACKAGE_STRING=''
PACKAGE_TARNAME=''
PACKAGE_VERSION=''
PATH_SEPARATOR=':'
QTDIR='/usr/lib/qt-3.3'
QWTINCL=''
RANLIB='arm-linux-ranlib'
RPMBUILD='rpmbuild'
SET_MAKE=''
SHELL='/bin/sh'
STRIP='arm-linux-strip'
UIC=''
USE_QT_FALSE=''
USE_QT_TRUE='#'
VERSION='1.2.4'
ac_ct_AR=''
ac_ct_CC=''
ac_ct_CXX=''
ac_ct_F77='g77'
ac_ct_RANLIB=''
ac_ct_STRIP=''
am__fastdepCC_FALSE=''
am__fastdepCC_TRUE='#'
am__fastdepCXX_FALSE=''
am__fastdepCXX_TRUE='#'
am__include='include'
am__leading_dot='.'
am__quote=''
am__tar='${AMTAR} chof - "$$tardir"'
am__untar='${AMTAR} xf -'
bindir='${exec_prefix}/bin'
build='i686-pc-linux'
build_alias=''
build_cpu='i686'
build_os='linux'
build_vendor='pc'
datadir='${prefix}/share'
exec_prefix='${prefix}'
host='arm-unknown-linux'
host_alias='arm-linux'
host_cpu='arm'
host_os='linux'
host_vendor='unknown'
includedir='${prefix}/include'
infodir='${prefix}/info'
install_sh='/scratch/wodonnell/soc/drm-1.2.4-fxp/install-sh'
libdir='${exec_prefix}/lib'
libexecdir='${exec_prefix}/libexec'
localstatedir='${prefix}/var'
mandir='${prefix}/man'
mkdir_p='mkdir -p --'
oldincludedir='/usr/include'
prefix='/usr/local'
program_transform_name='s,x,x,'
sbindir='${exec_prefix}/sbin'
sharedstatedir='${prefix}/com'
sysconfdir='${prefix}/etc'
target_alias=''

## ----------- ##
## confdefs.h. ##
## ----------- ##

#define HAVE_DLFCN_H 1
#define HAVE_INTTYPES_H 1
#define HAVE_LIBFAAD 1
#define HAVE_LIBFAAD 1
#define HAVE_MEMORY_H 1
#define HAVE_STDINT_H 1
#define HAVE_STDLIB_H 1
#define HAVE_STRINGS_H 1
#define HAVE_STRING_H 1
#define HAVE_SYS_STAT_H 1
#define HAVE_SYS_TYPES_H 1
#define HAVE_UNISTD_H 1
#define PACKAGE "drm"
#define PACKAGE_BUGREPORT ""
#define PACKAGE_NAME ""
#define PACKAGE_STRING ""
#define PACKAGE_TARNAME ""
#define PACKAGE_VERSION ""
#define STDC_HEADERS 1
#define STDC_HEADERS 1
#define USE_FAAD2_LIBRARY 1
#define VERSION "1.2.4"
#endif
#ifdef __cplusplus
extern "C" void exit (int) throw ();

configure: exit 0
