This file contains any messages produced by compilers while
running configure, to aid debugging if configure makes a mistake.

It was created by configure, which was
generated by GNU Autoconf 2.59.  Invocation command line was

  $ ./configure --host=arm-linux --disable-shared --with-drm

## --------- ##
## Platform. ##
## --------- ##

hostname = soc3
uname -m = i686
uname -r = 2.6.18-348.12.1.el5PAE
uname -s = Linux
uname -v = #1 SMP Wed Jul 10 06:17:31 EDT 2013

/usr/bin/uname -p = unknown
/bin/uname -X     = unknown

/bin/arch              = i686
/usr/bin/arch -k       = unknown
/usr/convex/getsysinfo = unknown
hostinfo               = unknown
/bin/machine           = unknown
/usr/bin/oslevel       = unknown
/bin/universe          = unknown

PATH: /usr/sbin
PATH: /sbin
PATH: /usr/local/etc
PATH: /usr/local/packages/validation/bin
PATH: /usr/bin
PATH: /bin
PATH: /usr/X11R6/bin
PATH: /usr/local/bin
PATH: /usr/local/packages/Imperas.20100528.0/bin/Linux
PATH: /usr/local/packages/arm/arm-2008q1/bin


## ----------- ##
## Core tests. ##
## ----------- ##

configure:1536: checking for a BSD-compatible install
configure:1591: result: /usr/bin/install -c
configure:1602: checking whether build environment is sane
configure:1645: result: yes
configure:1660: checking whether make sets $(MAKE)
configure:1680: result: yes
configure:1712: checking for working aclocal-1.4
configure:1719: result: found
configure:1727: checking for working autoconf
configure:1734: result: found
configure:1742: checking for working automake-1.4
configure:1749: result: found
configure:1757: checking for working autoheader
configure:1764: result: found
configure:1772: checking for working makeinfo
configure:1779: result: found
configure:1867: checking build system type
configure:1885: result: i686-pc-linux-gnu
configure:1893: checking host system type
configure:1907: result: arm-unknown-linux-gnu
configure:1923: checking for arm-linux-gcc
configure:1949: result: arm-linux-gcc
configure:2231: checking for C compiler version
configure:2234: arm-linux-gcc --version </dev/null >&5
arm-linux-gcc (Sourcery G++ Lite 2008q1-126) 4.2.3
Copyright (C) 2007 Free Software Foundation, Inc.
This is free software; see the source for copying conditions.  There is NO
warranty; not even for MERCHANTABILITY or FITNESS FOR A PARTICULAR PURPOSE.

configure:2237: $? = 0
configure:2239: arm-linux-gcc -v </dev/null >&5
Using built-in specs.
Target: arm-none-linux-gnueabi
Configured with: /scratch/sandra/lite/src/gcc-4.2/configure --build=i686-pc-linux-gnu --host=i686-pc-linux-gnu --target=arm-none-linux-gnueabi --enable-threads --disable-libmudflap --disable-libssp --disable-libgomp --disable-libstdcxx-pch --with-gnu-as --with-gnu-ld --enable-languages=c,c++ --enable-shared --enable-symvers=gnu --enable-__cxa_atexit --with-pkgversion=Sourcery G++ Lite 2008q1-126 --with-bugurl=https://support.codesourcery.com/GNUToolchain/ --disable-nls --prefix=/opt/codesourcery --with-sysroot=/opt/codesourcery/arm-none-linux-gnueabi/libc --with-build-sysroot=/scratch/sandra/lite/linux/install/arm-none-linux-gnueabi/libc --enable-poison-system-directories --with-build-time-tools=/scratch/sandra/lite/linux/install/arm-none-linux-gnueabi/bin --with-build-time-tools=/scratch/sandra/lite/linux/install/arm-none-linux-gnueabi/bin
Thread model: posix
gcc version 4.2.3 (Sourcery G++ Lite 2008q1-126)
configure:2242: $? = 0
configure:2244: arm-linux-gcc -V </dev/null >&5
arm-linux-gcc: '-V' option must have argument
configure:2247: $? = 1
configure:2270: checking for C compiler default output file name
configure:2273: arm-linux-gcc    conftest.c  >&5
configure:2276: $? = 0
configure:2322: result: a.out
configure:2327: checking whether the C compiler works
configure:2333: ./a.out
./configure: line 2334: ./a.out: cannot execute binary file
configure:2336: $? = 126
configure:2353: result: yes
configure:2360: checking whether we are cross compiling
configure:2362: result: yes
configure:2365: checking for suffix of executables
configure:2367: arm-linux-gcc -o conftest    conftest.c  >&5
configure:2370: $? = 0
configure:2395: result: 
configure:2401: checking for suffix of object files
configure:2422: arm-linux-gcc -c   conftest.c >&5
configure:2425: $? = 0
configure:2447: result: o
configure:2451: checking whether we are using the GNU C compiler
configure:2475: arm-linux-gcc -c   conftest.c >&5
configure:2481: $? = 0
configure:2485: test -z 
			 || test ! -s conftest.err
configure:2488: $? = 0
configure:2491: test -s conftest.o
configure:2494: $? = 0
configure:2507: result: yes
configure:2513: checking whether arm-linux-gcc accepts -g
configure:2534: arm-linux-gcc -c -g  conftest.c >&5
configure:2540: $? = 0
configure:2544: test -z 
			 || test ! -s conftest.err
configure:2547: $? = 0
configure:2550: test -s conftest.o
configure:2553: $? = 0
configure:2564: result: yes
configure:2581: checking for arm-linux-gcc option to accept ANSI C
configure:2651: arm-linux-gcc  -c -g -O2  conftest.c >&5
configure:2657: $? = 0
configure:2661: test -z 
			 || test ! -s conftest.err
configure:2664: $? = 0
configure:2667: test -s conftest.o
configure:2670: $? = 0
configure:2688: result: none needed
configure:2706: arm-linux-gcc -c -g -O2  conftest.c >&5
conftest.c:2: error: expected '=', ',', ';', 'asm' or '__attribute__' before 'me'
configure:2712: $? = 1
configure: failed program was:
| #ifndef __cplusplus
|   choke me
| #endif
configure:2845: checking for a sed that does not truncate output
configure:2899: result: /bin/sed
configure:2902: checking for egrep
configure:2912: result: grep -E
configure:2928: checking for ld used by arm-linux-gcc
configure:2995: result: /misc/linuxws/packages/arm/arm-2008q1/arm-none-linux-gnueabi/bin/ld
configure:3004: checking if the linker (/misc/linuxws/packages/arm/arm-2008q1/arm-none-linux-gnueabi/bin/ld) is GNU ld
configure:3019: result: yes
configure:3024: checking for /misc/linuxws/packages/arm/arm-2008q1/arm-none-linux-gnueabi/bin/ld option to reload object files
configure:3031: result: -r
configure:3040: checking for BSD-compatible nm
configure:3082: result: /usr/local/packages/arm/arm-2008q1/bin/arm-linux-nm -B
configure:3086: checking whether ln -s works
configure:3090: result: yes
configure:3097: checking how to recognise dependent libraries
configure:3271: result: pass_all
configure:3485: checking how to run the C preprocessor
configure:3520: arm-linux-gcc -E  conftest.c
configure:3526: $? = 0
configure:3558: arm-linux-gcc -E  conftest.c
conftest.c:11:28: error: ac_nonexistent.h: No such file or directory
configure:3564: $? = 1
configure: failed program was:
| /* confdefs.h.  */
| 
| #define PACKAGE_NAME ""
| #define PACKAGE_TARNAME ""
| #define PACKAGE_VERSION ""
| #define PACKAGE_STRING ""
| #define PACKAGE_BUGREPORT ""
| #define PACKAGE "faad2"
| #define VERSION "2.0"
| /* end confdefs.h.  */
| #include <ac_nonexistent.h>
configure:3603: result: arm-linux-gcc -E
configure:3627: arm-linux-gcc -E  conftest.c
configure:3633: $? = 0
configure:3665: arm-linux-gcc -E  conftest.c
conftest.c:11:28: error: ac_nonexistent.h: No such file or directory
configure:3671: $? = 1
configure: failed program was:
| /* confdefs.h.  */
| 
| #define PACKAGE_NAME ""
| #define PACKAGE_TARNAME ""
| #define PACKAGE_VERSION ""
| #define PACKAGE_STRING ""
| #define PACKAGE_BUGREPORT ""
| #define PACKAGE "faad2"
| #define VERSION "2.0"
| /* end confdefs.h.  */
| #include <ac_nonexistent.h>
configure:3715: checking for ANSI C header files
configure:3740: arm-linux-gcc -c -g -O2  conftest.c >&5
configure:3746: $? = 0
configure:3750: test -z 
			 || test ! -s conftest.err
configure:3753: $? = 0
configure:3756: test -s conftest.o
configure:3759: $? = 0
configure:3871: result: yes
configure:3895: checking for sys/types.h
configure:3911: arm-linux-gcc -c -g -O2  conftest.c >&5
configure:3917: $? = 0
configure:3921: test -z 
			 || test ! -s conftest.err
configure:3924: $? = 0
configure:3927: test -s conftest.o
configure:3930: $? = 0
configure:3941: result: yes
configure:3895: checking for sys/stat.h
configure:3911: arm-linux-gcc -c -g -O2  conftest.c >&5
configure:3917: $? = 0
configure:3921: test -z 
			 || test ! -s conftest.err
configure:3924: $? = 0
configure:3927: test -s conftest.o
configure:3930: $? = 0
configure:3941: result: yes
configure:3895: checking for stdlib.h
configure:3911: arm-linux-gcc -c -g -O2  conftest.c >&5
configure:3917: $? = 0
configure:3921: test -z 
			 || test ! -s conftest.err
configure:3924: $? = 0
configure:3927: test -s conftest.o
configure:3930: $? = 0
configure:3941: result: yes
configure:3895: checking for string.h
configure:3911: arm-linux-gcc -c -g -O2  conftest.c >&5
configure:3917: $? = 0
configure:3921: test -z 
			 || test ! -s conftest.err
configure:3924: $? = 0
configure:3927: test -s conftest.o
configure:3930: $? = 0
configure:3941: result: yes
configure:3895: checking for memory.h
configure:3911: arm-linux-gcc -c -g -O2  conftest.c >&5
configure:3917: $? = 0
configure:3921: test -z 
			 || test ! -s conftest.err
configure:3924: $? = 0
configure:3927: test -s conftest.o
configure:3930: $? = 0
configure:3941: result: yes
configure:3895: checking for strings.h
configure:3911: arm-linux-gcc -c -g -O2  conftest.c >&5
configure:3917: $? = 0
configure:3921: test -z 
			 || test ! -s conftest.err
configure:3924: $? = 0
configure:3927: test -s conftest.o
configure:3930: $? = 0
configure:3941: result: yes
configure:3895: checking for inttypes.h
configure:3911: arm-linux-gcc -c -g -O2  conftest.c >&5
configure:3917: $? = 0
configure:3921: test -z 
			 || test ! -s conftest.err
configure:3924: $? = 0
configure:3927: test -s conftest.o
configure:3930: $? = 0
configure:3941: result: yes
configure:3895: checking for stdint.h
configure:3911: arm-linux-gcc -c -g -O2  conftest.c >&5
configure:3917: $? = 0
configure:3921: test -z 
			 || test ! -s conftest.err
configure:3924: $? = 0
configure:3927: test -s conftest.o
configure:3930: $? = 0
configure:3941: result: yes
configure:3895: checking for unistd.h
configure:3911: arm-linux-gcc -c -g -O2  conftest.c >&5
configure:3917: $? = 0
configure:3921: test -z 
			 || test ! -s conftest.err
configure:3924: $? = 0
configure:3927: test -s conftest.o
configure:3930: $? = 0
configure:3941: result: yes
configure:3967: checking dlfcn.h usability
configure:3979: arm-linux-gcc -c -g -O2  conftest.c >&5
configure:3985: $? = 0
configure:3989: test -z 
			 || test ! -s conftest.err
configure:3992: $? = 0
configure:3995: test -s conftest.o
configure:3998: $? = 0
configure:4008: result: yes
configure:4012: checking dlfcn.h presence
configure:4022: arm-linux-gcc -E  conftest.c
configure:4028: $? = 0
configure:4048: result: yes
configure:4083: checking for dlfcn.h
configure:4090: result: yes
configure:4113: checking for arm-linux-g++
configure:4139: result: arm-linux-g++ -pg -fpermissive
configure:4197: checking for C++ compiler version
configure:4200: arm-linux-g++ -pg -fpermissive --version </dev/null >&5
arm-linux-g++ (Sourcery G++ Lite 2008q1-126) 4.2.3
Copyright (C) 2007 Free Software Foundation, Inc.
This is free software; see the source for copying conditions.  There is NO
warranty; not even for MERCHANTABILITY or FITNESS FOR A PARTICULAR PURPOSE.

configure:4203: $? = 0
configure:4205: arm-linux-g++ -pg -fpermissive -v </dev/null >&5
Using built-in specs.
Target: arm-none-linux-gnueabi
Configured with: /scratch/sandra/lite/src/gcc-4.2/configure --build=i686-pc-linux-gnu --host=i686-pc-linux-gnu --target=arm-none-linux-gnueabi --enable-threads --disable-libmudflap --disable-libssp --disable-libgomp --disable-libstdcxx-pch --with-gnu-as --with-gnu-ld --enable-languages=c,c++ --enable-shared --enable-symvers=gnu --enable-__cxa_atexit --with-pkgversion=Sourcery G++ Lite 2008q1-126 --with-bugurl=https://support.codesourcery.com/GNUToolchain/ --disable-nls --prefix=/opt/codesourcery --with-sysroot=/opt/codesourcery/arm-none-linux-gnueabi/libc --with-build-sysroot=/scratch/sandra/lite/linux/install/arm-none-linux-gnueabi/libc --enable-poison-system-directories --with-build-time-tools=/scratch/sandra/lite/linux/install/arm-none-linux-gnueabi/bin --with-build-time-tools=/scratch/sandra/lite/linux/install/arm-none-linux-gnueabi/bin
Thread model: posix
gcc version 4.2.3 (Sourcery G++ Lite 2008q1-126)
configure:4208: $? = 0
configure:4210: arm-linux-g++ -pg -fpermissive -V </dev/null >&5
arm-linux-g++: argument to '-V' missing

configure:4213: $? = 1
configure:4216: checking whether we are using the GNU C++ compiler
configure:4240: arm-linux-g++ -pg -fpermissive -c --static -O3 -L/misc/scratch/wodonnell/soc/drm-1.2.4-fxp/faad2/libfaad/.libs -I/misc/scratch/wodonnell/soc/drm-1.2.4-fxp/faad2/include  conftest.cc >&5
configure:4246: $? = 0
configure:4250: test -z 
			 || test ! -s conftest.err
configure:4253: $? = 0
configure:4256: test -s conftest.o
configure:4259: $? = 0
configure:4272: result: yes
configure:4278: checking whether arm-linux-g++ -pg -fpermissive accepts -g
configure:4299: arm-linux-g++ -pg -fpermissive -c -g  conftest.cc >&5
configure:4305: $? = 0
configure:4309: test -z 
			 || test ! -s conftest.err
configure:4312: $? = 0
configure:4315: test -s conftest.o
configure:4318: $? = 0
configure:4329: result: yes
configure:4371: arm-linux-g++ -pg -fpermissive -c --static -O3 -L/misc/scratch/wodonnell/soc/drm-1.2.4-fxp/faad2/libfaad/.libs -I/misc/scratch/wodonnell/soc/drm-1.2.4-fxp/faad2/include  conftest.cc >&5
configure:4377: $? = 0
configure:4381: test -z 
			 || test ! -s conftest.err
configure:4384: $? = 0
configure:4387: test -s conftest.o
configure:4390: $? = 0
configure:4416: arm-linux-g++ -pg -fpermissive -c --static -O3 -L/misc/scratch/wodonnell/soc/drm-1.2.4-fxp/faad2/libfaad/.libs -I/misc/scratch/wodonnell/soc/drm-1.2.4-fxp/faad2/include  conftest.cc >&5
conftest.cc: In function 'int main()':
conftest.cc:26: error: 'exit' was not declared in this scope
configure:4422: $? = 1
configure: failed program was:
| /* confdefs.h.  */
| 
| #define PACKAGE_NAME ""
| #define PACKAGE_TARNAME ""
| #define PACKAGE_VERSION ""
| #define PACKAGE_STRING ""
| #define PACKAGE_BUGREPORT ""
| #define PACKAGE "faad2"
| #define VERSION "2.0"
| #define STDC_HEADERS 1
| #define HAVE_SYS_TYPES_H 1
| #define HAVE_SYS_STAT_H 1
| #define HAVE_STDLIB_H 1
| #define HAVE_STRING_H 1
| #define HAVE_MEMORY_H 1
| #define HAVE_STRINGS_H 1
| #define HAVE_INTTYPES_H 1
| #define HAVE_STDINT_H 1
| #define HAVE_UNISTD_H 1
| #define HAVE_DLFCN_H 1
| /* end confdefs.h.  */
| 
| int
| main ()
| {
| exit (42);
|   ;
|   return 0;
| }
configure:4371: arm-linux-g++ -pg -fpermissive -c --static -O3 -L/misc/scratch/wodonnell/soc/drm-1.2.4-fxp/faad2/libfaad/.libs -I/misc/scratch/wodonnell/soc/drm-1.2.4-fxp/faad2/include  conftest.cc >&5
conftest.cc:22: error: 'void std::exit(int)' should have been declared inside 'std'
configure:4377: $? = 1
configure: failed program was:
| /* confdefs.h.  */
| 
| #define PACKAGE_NAME ""
| #define PACKAGE_TARNAME ""
| #define PACKAGE_VERSION ""
| #define PACKAGE_STRING ""
| #define PACKAGE_BUGREPORT ""
| #define PACKAGE "faad2"
| #define VERSION "2.0"
| #define STDC_HEADERS 1
| #define HAVE_SYS_TYPES_H 1
| #define HAVE_SYS_STAT_H 1
| #define HAVE_STDLIB_H 1
| #define HAVE_STRING_H 1
| #define HAVE_MEMORY_H 1
| #define HAVE_STRINGS_H 1
| #define HAVE_INTTYPES_H 1
| #define HAVE_STDINT_H 1
| #define HAVE_UNISTD_H 1
| #define HAVE_DLFCN_H 1
| /* end confdefs.h.  */
| extern "C" void std::exit (int) throw (); using std::exit;
| #include <stdlib.h>
| int
| main ()
| {
| exit (42);
|   ;
|   return 0;
| }
configure:4371: arm-linux-g++ -pg -fpermissive -c --static -O3 -L/misc/scratch/wodonnell/soc/drm-1.2.4-fxp/faad2/libfaad/.libs -I/misc/scratch/wodonnell/soc/drm-1.2.4-fxp/faad2/include  conftest.cc >&5
conftest.cc:22: error: 'void std::exit(int)' should have been declared inside 'std'
In file included from conftest.cc:23:
/misc/linuxws/packages/arm/arm-2008q1/bin/../arm-none-linux-gnueabi/libc/usr/include/stdlib.h:646: error: declaration of 'void std::exit(int) throw ()' throws different exceptions
conftest.cc:22: error: from previous declaration 'void std::exit(int)'
configure:4377: $? = 1
configure: failed program was:
| /* confdefs.h.  */
| 
| #define PACKAGE_NAME ""
| #define PACKAGE_TARNAME ""
| #define PACKAGE_VERSION ""
| #define PACKAGE_STRING ""
| #define PACKAGE_BUGREPORT ""
| #define PACKAGE "faad2"
| #define VERSION "2.0"
| #define STDC_HEADERS 1
| #define HAVE_SYS_TYPES_H 1
| #define HAVE_SYS_STAT_H 1
| #define HAVE_STDLIB_H 1
| #define HAVE_STRING_H 1
| #define HAVE_MEMORY_H 1
| #define HAVE_STRINGS_H 1
| #define HAVE_INTTYPES_H 1
| #define HAVE_STDINT_H 1
| #define HAVE_UNISTD_H 1
| #define HAVE_DLFCN_H 1
| /* end confdefs.h.  */
| extern "C" void std::exit (int); using std::exit;
| #include <stdlib.h>
| int
| main ()
| {
| exit (42);
|   ;
|   return 0;
| }
configure:4371: arm-linux-g++ -pg -fpermissive -c --static -O3 -L/misc/scratch/wodonnell/soc/drm-1.2.4-fxp/faad2/libfaad/.libs -I/misc/scratch/wodonnell/soc/drm-1.2.4-fxp/faad2/include  conftest.cc >&5
configure:4377: $? = 0
configure:4381: test -z 
			 || test ! -s conftest.err
configure:4384: $? = 0
configure:4387: test -s conftest.o
configure:4390: $? = 0
configure:4416: arm-linux-g++ -pg -fpermissive -c --static -O3 -L/misc/scratch/wodonnell/soc/drm-1.2.4-fxp/faad2/libfaad/.libs -I/misc/scratch/wodonnell/soc/drm-1.2.4-fxp/faad2/include  conftest.cc >&5
configure:4422: $? = 0
configure:4426: test -z 
			 || test ! -s conftest.err
configure:4429: $? = 0
configure:4432: test -s conftest.o
configure:4435: $? = 0
configure:4463: checking how to run the C++ preprocessor
configure:4494: arm-linux-g++ -pg -fpermissive -E  conftest.cc
configure:4500: $? = 0
configure:4532: arm-linux-g++ -pg -fpermissive -E  conftest.cc
conftest.cc:25:28: error: ac_nonexistent.h: No such file or directory
configure:4538: $? = 1
configure: failed program was:
| /* confdefs.h.  */
| 
| #define PACKAGE_NAME ""
| #define PACKAGE_TARNAME ""
| #define PACKAGE_VERSION ""
| #define PACKAGE_STRING ""
| #define PACKAGE_BUGREPORT ""
| #define PACKAGE "faad2"
| #define VERSION "2.0"
| #define STDC_HEADERS 1
| #define HAVE_SYS_TYPES_H 1
| #define HAVE_SYS_STAT_H 1
| #define HAVE_STDLIB_H 1
| #define HAVE_STRING_H 1
| #define HAVE_MEMORY_H 1
| #define HAVE_STRINGS_H 1
| #define HAVE_INTTYPES_H 1
| #define HAVE_STDINT_H 1
| #define HAVE_UNISTD_H 1
| #define HAVE_DLFCN_H 1
| #ifdef __cplusplus
| extern "C" void exit (int) throw ();
| #endif
| /* end confdefs.h.  */
| #include <ac_nonexistent.h>
configure:4577: result: arm-linux-g++ -pg -fpermissive -E
configure:4601: arm-linux-g++ -pg -fpermissive -E  conftest.cc
configure:4607: $? = 0
configure:4639: arm-linux-g++ -pg -fpermissive -E  conftest.cc
conftest.cc:25:28: error: ac_nonexistent.h: No such file or directory
configure:4645: $? = 1
configure: failed program was:
| /* confdefs.h.  */
| 
| #define PACKAGE_NAME ""
| #define PACKAGE_TARNAME ""
| #define PACKAGE_VERSION ""
| #define PACKAGE_STRING ""
| #define PACKAGE_BUGREPORT ""
| #define PACKAGE "faad2"
| #define VERSION "2.0"
| #define STDC_HEADERS 1
| #define HAVE_SYS_TYPES_H 1
| #define HAVE_SYS_STAT_H 1
| #define HAVE_STDLIB_H 1
| #define HAVE_STRING_H 1
| #define HAVE_MEMORY_H 1
| #define HAVE_STRINGS_H 1
| #define HAVE_INTTYPES_H 1
| #define HAVE_STDINT_H 1
| #define HAVE_UNISTD_H 1
| #define HAVE_DLFCN_H 1
| #ifdef __cplusplus
| extern "C" void exit (int) throw ();
| #endif
| /* end confdefs.h.  */
| #include <ac_nonexistent.h>
configure:4698: checking for arm-linux-g77
configure:4727: result: no
configure:4698: checking for arm-linux-f77
configure:4727: result: no
configure:4698: checking for arm-linux-xlf
configure:4727: result: no
configure:4698: checking for arm-linux-frt
configure:4727: result: no
configure:4698: checking for arm-linux-pgf77
configure:4727: result: no
configure:4698: checking for arm-linux-fort77
configure:4727: result: no
configure:4698: checking for arm-linux-fl32
configure:4727: result: no
configure:4698: checking for arm-linux-af77
configure:4727: result: no
configure:4698: checking for arm-linux-f90
configure:4727: result: no
configure:4698: checking for arm-linux-xlf90
configure:4727: result: no
configure:4698: checking for arm-linux-pgf90
configure:4727: result: no
configure:4698: checking for arm-linux-epcf90
configure:4727: result: no
configure:4698: checking for arm-linux-f95
configure:4727: result: no
configure:4698: checking for arm-linux-fort
configure:4727: result: no
configure:4698: checking for arm-linux-xlf95
configure:4727: result: no
configure:4698: checking for arm-linux-ifc
configure:4727: result: no
configure:4698: checking for arm-linux-efc
configure:4727: result: no
configure:4698: checking for arm-linux-pgf95
configure:4727: result: no
configure:4698: checking for arm-linux-lf95
configure:4727: result: no
configure:4698: checking for arm-linux-gfortran
configure:4727: result: no
configure:4740: checking for g77
configure:4756: found /usr/bin/g77
configure:4766: result: g77
configure:4781: checking for Fortran 77 compiler version
configure:4784: g77 --version </dev/null >&5
GNU Fortran (GCC) 3.4.6 20060404 (Red Hat 3.4.6-4.1)
Copyright (C) 2006 Free Software Foundation, Inc.

GNU Fortran comes with NO WARRANTY, to the extent permitted by law.
You may redistribute copies of GNU Fortran
under the terms of the GNU General Public License.
For more information about these matters, see the file named COPYING
or type the command `info -f g77 Copying'.
configure:4787: $? = 0
configure:4789: g77 -v </dev/null >&5
Reading specs from /usr/lib/gcc/i386-redhat-linux/3.4.6/specs
Configured with: ../configure --prefix=/usr --mandir=/usr/share/man --infodir=/usr/share/info --enable-shared --enable-threads=posix --disable-checking --with-system-zlib --enable-__cxa_atexit --disable-libunwind-exceptions --enable-languages=c,c++,f77 --disable-libgcj --host=i386-redhat-linux
Thread model: posix
gcc version 3.4.6 20060404 (Red Hat 3.4.6-4.1)
configure:4792: $? = 0
configure:4794: g77 -V </dev/null >&5
g77: `-V' option must have argument
configure:4797: $? = 1
configure:4805: checking whether we are using the GNU Fortran 77 compiler
configure:4819: g77 -c  conftest.F >&5
configure:4825: $? = 0
configure:4829: test -z 
			 || test ! -s conftest.err
configure:4832: $? = 0
configure:4835: test -s conftest.o
configure:4838: $? = 0
configure:4851: result: yes
configure:4857: checking whether g77 accepts -g
configure:4869: g77 -c -g conftest.f >&5
configure:4875: $? = 0
configure:4879: test -z 
			 || test ! -s conftest.err
configure:4882: $? = 0
configure:4885: test -s conftest.o
configure:4888: $? = 0
configure:4900: result: yes
configure:4930: checking the maximum length of command line arguments
configure:4995: result: 32768
configure:5006: checking command to parse /usr/local/packages/arm/arm-2008q1/bin/arm-linux-nm -B output from arm-linux-gcc object
configure:5095: arm-linux-gcc -c -g -O2  conftest.c >&5
configure:5098: $? = 0
configure:5102: /usr/local/packages/arm/arm-2008q1/bin/arm-linux-nm -B conftest.o \| sed -n -e 's/^.*[ 	]\([ABCDGIRSTW][ABCDGIRSTW]*\)[ 	][ 	]*\(\)\([_A-Za-z][_A-Za-z0-9]*\)$/\1 \2\3 \3/p' \> conftest.nm
configure:5105: $? = 0
configure:5157: arm-linux-gcc -o conftest -g -O2   conftest.c conftstm.o >&5
configure:5160: $? = 0
configure:5198: result: ok
configure:5202: checking for objdir
configure:5217: result: .libs
configure:5269: checking for arm-linux-ar
configure:5285: found /usr/local/packages/arm/arm-2008q1/bin/arm-linux-ar
configure:5295: result: arm-linux-ar
configure:5349: checking for arm-linux-ranlib
configure:5365: found /usr/local/packages/arm/arm-2008q1/bin/arm-linux-ranlib
configure:5375: result: arm-linux-ranlib
configure:5429: checking for arm-linux-strip
configure:5445: found /usr/local/packages/arm/arm-2008q1/bin/arm-linux-strip
configure:5455: result: arm-linux-strip
configure:5756: checking if arm-linux-gcc static flag  works
configure:5779: result: yes
configure:5797: checking if arm-linux-gcc supports -fno-rtti -fno-exceptions
configure:5815: arm-linux-gcc -c -g -O2  -fno-rtti -fno-exceptions conftest.c >&5
cc1: warning: command line option "-fno-rtti" is valid for C++/ObjC++ but not for C
configure:5819: $? = 0
configure:5830: result: no
configure:5845: checking for arm-linux-gcc option to produce PIC
configure:6022: result: -fPIC
configure:6030: checking if arm-linux-gcc PIC flag -fPIC works
configure:6048: arm-linux-gcc -c -g -O2  -fPIC -DPIC conftest.c >&5
configure:6052: $? = 0
configure:6063: result: yes
configure:6087: checking if arm-linux-gcc supports -c -o file.o
configure:6108: arm-linux-gcc -c -g -O2  -o out/conftest2.o conftest.c >&5
configure:6112: $? = 0
configure:6132: result: yes
configure:6158: checking whether the arm-linux-gcc linker (/misc/linuxws/packages/arm/arm-2008q1/arm-none-linux-gnueabi/bin/ld) supports shared libraries
configure:7007: result: yes
configure:7078: checking dynamic linker characteristics
configure:7630: result: GNU/Linux ld.so
configure:7634: checking how to hardcode library paths into programs
configure:7659: result: immediate
configure:7673: checking whether stripping libraries is possible
configure:7678: result: yes
configure:8508: checking if libtool supports shared libraries
configure:8510: result: yes
configure:8513: checking whether to build shared libraries
configure:8571: result: no
configure:8574: checking whether to build static libraries
configure:8578: result: yes
configure:8670: creating libtool
configure:9217: checking for ld used by arm-linux-g++ -pg -fpermissive
configure:9284: result: /misc/linuxws/packages/arm/arm-2008q1/arm-none-linux-gnueabi/bin/ld
configure:9293: checking if the linker (/misc/linuxws/packages/arm/arm-2008q1/arm-none-linux-gnueabi/bin/ld) is GNU ld
configure:9308: result: yes
configure:9359: checking whether the arm-linux-g++ -pg -fpermissive linker (/misc/linuxws/packages/arm/arm-2008q1/arm-none-linux-gnueabi/bin/ld) supports shared libraries
configure:10187: result: yes
configure:10205: arm-linux-g++ -pg -fpermissive -c --static -O3 -L/misc/scratch/wodonnell/soc/drm-1.2.4-fxp/faad2/libfaad/.libs -I/misc/scratch/wodonnell/soc/drm-1.2.4-fxp/faad2/include  conftest.cc >&5
configure:10208: $? = 0
configure:10304: checking for arm-linux-g++ -pg -fpermissive option to produce PIC
configure:10556: result: -fPIC
configure:10564: checking if arm-linux-g++ -pg -fpermissive PIC flag -fPIC works
configure:10582: arm-linux-g++ -pg -fpermissive -c --static -O3 -L/misc/scratch/wodonnell/soc/drm-1.2.4-fxp/faad2/libfaad/.libs -I/misc/scratch/wodonnell/soc/drm-1.2.4-fxp/faad2/include  -fPIC -DPIC conftest.cc >&5
configure:10586: $? = 0
configure:10597: result: yes
configure:10621: checking if arm-linux-g++ -pg -fpermissive supports -c -o file.o
configure:10642: arm-linux-g++ -pg -fpermissive -c --static -O3 -L/misc/scratch/wodonnell/soc/drm-1.2.4-fxp/faad2/libfaad/.libs -I/misc/scratch/wodonnell/soc/drm-1.2.4-fxp/faad2/include  -o out/conftest2.o conftest.cc >&5
configure:10646: $? = 0
configure:10666: result: yes
configure:10692: checking whether the arm-linux-g++ -pg -fpermissive linker (/misc/linuxws/packages/arm/arm-2008q1/arm-none-linux-gnueabi/bin/ld) supports shared libraries
configure:10720: result: yes
configure:10791: checking dynamic linker characteristics
configure:11343: result: GNU/Linux ld.so
configure:11347: checking how to hardcode library paths into programs
configure:11372: result: immediate
configure:11386: checking whether stripping libraries is possible
configure:11391: result: yes
configure:12698: checking if libtool supports shared libraries
configure:12700: result: yes
configure:12703: checking whether to build shared libraries
configure:12721: result: no
configure:12724: checking whether to build static libraries
configure:12728: result: yes
configure:12740: checking for g77 option to produce PIC
configure:12917: result: -fPIC
configure:12925: checking if g77 PIC flag -fPIC works
configure:12943: g77 -c -g -O2 -fPIC conftest.f >&5
configure:12947: $? = 0
configure:12958: result: yes
configure:12982: checking if g77 supports -c -o file.o
configure:13003: g77 -c -g -O2 -o out/conftest2.o conftest.f >&5
configure:13007: $? = 0
configure:13027: result: yes
configure:13053: checking whether the g77 linker (/misc/linuxws/packages/arm/arm-2008q1/arm-none-linux-gnueabi/bin/ld) supports shared libraries
configure:13882: result: yes
configure:13953: checking dynamic linker characteristics
configure:14505: result: GNU/Linux ld.so
configure:14509: checking how to hardcode library paths into programs
configure:14534: result: immediate
configure:14548: checking whether stripping libraries is possible
configure:14553: result: yes
configure:18662: checking for arm-linux-gcc
configure:18688: result: arm-linux-gcc
configure:18970: checking for C compiler version
configure:18973: arm-linux-gcc --version </dev/null >&5
arm-linux-gcc (Sourcery G++ Lite 2008q1-126) 4.2.3
Copyright (C) 2007 Free Software Foundation, Inc.
This is free software; see the source for copying conditions.  There is NO
warranty; not even for MERCHANTABILITY or FITNESS FOR A PARTICULAR PURPOSE.

configure:18976: $? = 0
configure:18978: arm-linux-gcc -v </dev/null >&5
Using built-in specs.
Target: arm-none-linux-gnueabi
Configured with: /scratch/sandra/lite/src/gcc-4.2/configure --build=i686-pc-linux-gnu --host=i686-pc-linux-gnu --target=arm-none-linux-gnueabi --enable-threads --disable-libmudflap --disable-libssp --disable-libgomp --disable-libstdcxx-pch --with-gnu-as --with-gnu-ld --enable-languages=c,c++ --enable-shared --enable-symvers=gnu --enable-__cxa_atexit --with-pkgversion=Sourcery G++ Lite 2008q1-126 --with-bugurl=https://support.codesourcery.com/GNUToolchain/ --disable-nls --prefix=/opt/codesourcery --with-sysroot=/opt/codesourcery/arm-none-linux-gnueabi/libc --with-build-sysroot=/scratch/sandra/lite/linux/install/arm-none-linux-gnueabi/libc --enable-poison-system-directories --with-build-time-tools=/scratch/sandra/lite/linux/install/arm-none-linux-gnueabi/bin --with-build-time-tools=/scratch/sandra/lite/linux/install/arm-none-linux-gnueabi/bin
Thread model: posix
gcc version 4.2.3 (Sourcery G++ Lite 2008q1-126)
configure:18981: $? = 0
configure:18983: arm-linux-gcc -V </dev/null >&5
arm-linux-gcc: '-V' option must have argument
configure:18986: $? = 1
configure:18989: checking whether we are using the GNU C compiler
configure:19045: result: yes
configure:19051: checking whether arm-linux-gcc accepts -g
configure:19102: result: yes
configure:19119: checking for arm-linux-gcc option to accept ANSI C
configure:19226: result: none needed
configure:19244: arm-linux-gcc -c -g -O2  conftest.c >&5
conftest.c:2: error: expected '=', ',', ';', 'asm' or '__attribute__' before 'me'
configure:19250: $? = 1
configure: failed program was:
| #ifndef __cplusplus
|   choke me
| #endif
configure:19388: checking how to run the C preprocessor
configure:19506: result: arm-linux-gcc -E
configure:19530: arm-linux-gcc -E  conftest.c
configure:19536: $? = 0
configure:19568: arm-linux-gcc -E  conftest.c
conftest.c:25:28: error: ac_nonexistent.h: No such file or directory
configure:19574: $? = 1
configure: failed program was:
| /* confdefs.h.  */
| 
| #define PACKAGE_NAME ""
| #define PACKAGE_TARNAME ""
| #define PACKAGE_VERSION ""
| #define PACKAGE_STRING ""
| #define PACKAGE_BUGREPORT ""
| #define PACKAGE "faad2"
| #define VERSION "2.0"
| #define STDC_HEADERS 1
| #define HAVE_SYS_TYPES_H 1
| #define HAVE_SYS_STAT_H 1
| #define HAVE_STDLIB_H 1
| #define HAVE_STRING_H 1
| #define HAVE_MEMORY_H 1
| #define HAVE_STRINGS_H 1
| #define HAVE_INTTYPES_H 1
| #define HAVE_STDINT_H 1
| #define HAVE_UNISTD_H 1
| #define HAVE_DLFCN_H 1
| #ifdef __cplusplus
| extern "C" void exit (int) throw ();
| #endif
| /* end confdefs.h.  */
| #include <ac_nonexistent.h>
configure:19630: checking for a BSD-compatible install
configure:19685: result: /usr/bin/install -c
configure:19696: checking whether ln -s works
configure:19700: result: yes
configure:19707: checking whether make sets $(MAKE)
configure:19727: result: yes
configure:19740: checking for rpmbuild
configure:19756: found /usr/bin/rpmbuild
configure:19766: result: rpmbuild
configure:19812: checking for ANSI C header files
configure:19968: result: yes
configure:19984: checking for stdint.h
configure:19989: result: yes
configure:19984: checking for inttypes.h
configure:19989: result: yes
configure:20143: checking mathf.h usability
configure:20155: arm-linux-gcc -c -g -O2  conftest.c >&5
conftest.c:62:19: error: mathf.h: No such file or directory
configure:20161: $? = 1
configure: failed program was:
| /* confdefs.h.  */
| 
| #define PACKAGE_NAME ""
| #define PACKAGE_TARNAME ""
| #define PACKAGE_VERSION ""
| #define PACKAGE_STRING ""
| #define PACKAGE_BUGREPORT ""
| #define PACKAGE "faad2"
| #define VERSION "2.0"
| #define STDC_HEADERS 1
| #define HAVE_SYS_TYPES_H 1
| #define HAVE_SYS_STAT_H 1
| #define HAVE_STDLIB_H 1
| #define HAVE_STRING_H 1
| #define HAVE_MEMORY_H 1
| #define HAVE_STRINGS_H 1
| #define HAVE_INTTYPES_H 1
| #define HAVE_STDINT_H 1
| #define HAVE_UNISTD_H 1
| #define HAVE_DLFCN_H 1
| #ifdef __cplusplus
| extern "C" void exit (int) throw ();
| #endif
| #define STDC_HEADERS 1
| #define HAVE_STDINT_H 1
| #define HAVE_INTTYPES_H 1
| /* end confdefs.h.  */
| #include <stdio.h>
| #if HAVE_SYS_TYPES_H
| # include <sys/types.h>
| #endif
| #if HAVE_SYS_STAT_H
| # include <sys/stat.h>
| #endif
| #if STDC_HEADERS
| # include <stdlib.h>
| # include <stddef.h>
| #else
| # if HAVE_STDLIB_H
| #  include <stdlib.h>
| # endif
| #endif
| #if HAVE_STRING_H
| # if !STDC_HEADERS && HAVE_MEMORY_H
| #  include <memory.h>
| # endif
| # include <string.h>
| #endif
| #if HAVE_STRINGS_H
| # include <strings.h>
| #endif
| #if HAVE_INTTYPES_H
| # include <inttypes.h>
| #else
| # if HAVE_STDINT_H
| #  include <stdint.h>
| # endif
| #endif
| #if HAVE_UNISTD_H
| # include <unistd.h>
| #endif
| #include <mathf.h>
configure:20184: result: no
configure:20188: checking mathf.h presence
configure:20198: arm-linux-gcc -E  conftest.c
conftest.c:28:19: error: mathf.h: No such file or directory
configure:20204: $? = 1
configure: failed program was:
| /* confdefs.h.  */
| 
| #define PACKAGE_NAME ""
| #define PACKAGE_TARNAME ""
| #define PACKAGE_VERSION ""
| #define PACKAGE_STRING ""
| #define PACKAGE_BUGREPORT ""
| #define PACKAGE "faad2"
| #define VERSION "2.0"
| #define STDC_HEADERS 1
| #define HAVE_SYS_TYPES_H 1
| #define HAVE_SYS_STAT_H 1
| #define HAVE_STDLIB_H 1
| #define HAVE_STRING_H 1
| #define HAVE_MEMORY_H 1
| #define HAVE_STRINGS_H 1
| #define HAVE_INTTYPES_H 1
| #define HAVE_STDINT_H 1
| #define HAVE_UNISTD_H 1
| #define HAVE_DLFCN_H 1
| #ifdef __cplusplus
| extern "C" void exit (int) throw ();
| #endif
| #define STDC_HEADERS 1
| #define HAVE_STDINT_H 1
| #define HAVE_INTTYPES_H 1
| /* end confdefs.h.  */
| #include <mathf.h>
configure:20224: result: no
configure:20259: checking for mathf.h
configure:20266: result: no
configure:20293: checking float.h usability
configure:20305: arm-linux-gcc -c -g -O2  conftest.c >&5
configure:20311: $? = 0
configure:20315: test -z 
			 || test ! -s conftest.err
configure:20318: $? = 0
configure:20321: test -s conftest.o
configure:20324: $? = 0
configure:20334: result: yes
configure:20338: checking float.h presence
configure:20348: arm-linux-gcc -E  conftest.c
configure:20354: $? = 0
configure:20374: result: yes
configure:20409: checking for float.h
configure:20416: result: yes
configure:20434: checking for strchr
configure:20491: arm-linux-gcc -o conftest -g -O2   conftest.c  >&5
conftest.c:53: warning: conflicting types for built-in function 'strchr'
configure:20497: $? = 0
configure:20501: test -z 
			 || test ! -s conftest.err
configure:20504: $? = 0
configure:20507: test -s conftest
configure:20510: $? = 0
configure:20522: result: yes
configure:20434: checking for memcpy
configure:20491: arm-linux-gcc -o conftest -g -O2   conftest.c  >&5
conftest.c:54: warning: conflicting types for built-in function 'memcpy'
configure:20497: $? = 0
configure:20501: test -z 
			 || test ! -s conftest.err
configure:20504: $? = 0
configure:20507: test -s conftest
configure:20510: $? = 0
configure:20522: result: yes
configure:20546: checking sys/time.h usability
configure:20558: arm-linux-gcc -c -g -O2  conftest.c >&5
configure:20564: $? = 0
configure:20568: test -z 
			 || test ! -s conftest.err
configure:20571: $? = 0
configure:20574: test -s conftest.o
configure:20577: $? = 0
configure:20587: result: yes
configure:20591: checking sys/time.h presence
configure:20601: arm-linux-gcc -E  conftest.c
configure:20607: $? = 0
configure:20627: result: yes
configure:20662: checking for sys/time.h
configure:20669: result: yes
configure:20682: checking whether time.h and sys/time.h may both be included
configure:20707: arm-linux-gcc -c -g -O2  conftest.c >&5
configure:20713: $? = 0
configure:20717: test -z 
			 || test ! -s conftest.err
configure:20720: $? = 0
configure:20723: test -s conftest.o
configure:20726: $? = 0
configure:20737: result: yes
configure:20765: checking errno.h usability
configure:20777: arm-linux-gcc -c -g -O2  conftest.c >&5
configure:20783: $? = 0
configure:20787: test -z 
			 || test ! -s conftest.err
configure:20790: $? = 0
configure:20793: test -s conftest.o
configure:20796: $? = 0
configure:20806: result: yes
configure:20810: checking errno.h presence
configure:20820: arm-linux-gcc -E  conftest.c
configure:20826: $? = 0
configure:20846: result: yes
configure:20881: checking for errno.h
configure:20888: result: yes
configure:20756: checking for sys/stat.h
configure:20761: result: yes
configure:20756: checking for sys/types.h
configure:20761: result: yes
configure:20765: checking limits.h usability
configure:20777: arm-linux-gcc -c -g -O2  conftest.c >&5
configure:20783: $? = 0
configure:20787: test -z 
			 || test ! -s conftest.err
configure:20790: $? = 0
configure:20793: test -s conftest.o
configure:20796: $? = 0
configure:20806: result: yes
configure:20810: checking limits.h presence
configure:20820: arm-linux-gcc -E  conftest.c
configure:20826: $? = 0
configure:20846: result: yes
configure:20881: checking for limits.h
configure:20888: result: yes
configure:20915: checking sysfs/libsysfs.h usability
configure:20927: arm-linux-gcc -c -g -O2  conftest.c >&5
conftest.c:71:28: error: sysfs/libsysfs.h: No such file or directory
configure:20933: $? = 1
configure: failed program was:
| /* confdefs.h.  */
| 
| #define PACKAGE_NAME ""
| #define PACKAGE_TARNAME ""
| #define PACKAGE_VERSION ""
| #define PACKAGE_STRING ""
| #define PACKAGE_BUGREPORT ""
| #define PACKAGE "faad2"
| #define VERSION "2.0"
| #define STDC_HEADERS 1
| #define HAVE_SYS_TYPES_H 1
| #define HAVE_SYS_STAT_H 1
| #define HAVE_STDLIB_H 1
| #define HAVE_STRING_H 1
| #define HAVE_MEMORY_H 1
| #define HAVE_STRINGS_H 1
| #define HAVE_INTTYPES_H 1
| #define HAVE_STDINT_H 1
| #define HAVE_UNISTD_H 1
| #define HAVE_DLFCN_H 1
| #ifdef __cplusplus
| extern "C" void exit (int) throw ();
| #endif
| #define STDC_HEADERS 1
| #define HAVE_STDINT_H 1
| #define HAVE_INTTYPES_H 1
| #define HAVE_FLOAT_H 1
| #define HAVE_STRCHR 1
| #define HAVE_MEMCPY 1
| #define HAVE_SYS_TIME_H 1
| #define TIME_WITH_SYS_TIME 1
| #define HAVE_ERRNO_H 1
| #define HAVE_SYS_STAT_H 1
| #define HAVE_SYS_TYPES_H 1
| #define HAVE_LIMITS_H 1
| /* end confdefs.h.  */
| #include <stdio.h>
| #if HAVE_SYS_TYPES_H
| # include <sys/types.h>
| #endif
| #if HAVE_SYS_STAT_H
| # include <sys/stat.h>
| #endif
| #if STDC_HEADERS
| # include <stdlib.h>
| # include <stddef.h>
| #else
| # if HAVE_STDLIB_H
| #  include <stdlib.h>
| # endif
| #endif
| #if HAVE_STRING_H
| # if !STDC_HEADERS && HAVE_MEMORY_H
| #  include <memory.h>
| # endif
| # include <string.h>
| #endif
| #if HAVE_STRINGS_H
| # include <strings.h>
| #endif
| #if HAVE_INTTYPES_H
| # include <inttypes.h>
| #else
| # if HAVE_STDINT_H
| #  include <stdint.h>
| # endif
| #endif
| #if HAVE_UNISTD_H
| # include <unistd.h>
| #endif
| #include <sysfs/libsysfs.h>
configure:20956: result: no
configure:20960: checking sysfs/libsysfs.h presence
configure:20970: arm-linux-gcc -E  conftest.c
conftest.c:37:28: error: sysfs/libsysfs.h: No such file or directory
configure:20976: $? = 1
configure: failed program was:
| /* confdefs.h.  */
| 
| #define PACKAGE_NAME ""
| #define PACKAGE_TARNAME ""
| #define PACKAGE_VERSION ""
| #define PACKAGE_STRING ""
| #define PACKAGE_BUGREPORT ""
| #define PACKAGE "faad2"
| #define VERSION "2.0"
| #define STDC_HEADERS 1
| #define HAVE_SYS_TYPES_H 1
| #define HAVE_SYS_STAT_H 1
| #define HAVE_STDLIB_H 1
| #define HAVE_STRING_H 1
| #define HAVE_MEMORY_H 1
| #define HAVE_STRINGS_H 1
| #define HAVE_INTTYPES_H 1
| #define HAVE_STDINT_H 1
| #define HAVE_UNISTD_H 1
| #define HAVE_DLFCN_H 1
| #ifdef __cplusplus
| extern "C" void exit (int) throw ();
| #endif
| #define STDC_HEADERS 1
| #define HAVE_STDINT_H 1
| #define HAVE_INTTYPES_H 1
| #define HAVE_FLOAT_H 1
| #define HAVE_STRCHR 1
| #define HAVE_MEMCPY 1
| #define HAVE_SYS_TIME_H 1
| #define TIME_WITH_SYS_TIME 1
| #define HAVE_ERRNO_H 1
| #define HAVE_SYS_STAT_H 1
| #define HAVE_SYS_TYPES_H 1
| #define HAVE_LIMITS_H 1
| /* end confdefs.h.  */
| #include <sysfs/libsysfs.h>
configure:20996: result: no
configure:21031: checking for sysfs/libsysfs.h
configure:21038: result: no
configure:21065: checking IOKit/IOKitLib.h usability
configure:21077: arm-linux-gcc -c -g -O2  conftest.c >&5
conftest.c:71:28: error: IOKit/IOKitLib.h: No such file or directory
configure:21083: $? = 1
configure: failed program was:
| /* confdefs.h.  */
| 
| #define PACKAGE_NAME ""
| #define PACKAGE_TARNAME ""
| #define PACKAGE_VERSION ""
| #define PACKAGE_STRING ""
| #define PACKAGE_BUGREPORT ""
| #define PACKAGE "faad2"
| #define VERSION "2.0"
| #define STDC_HEADERS 1
| #define HAVE_SYS_TYPES_H 1
| #define HAVE_SYS_STAT_H 1
| #define HAVE_STDLIB_H 1
| #define HAVE_STRING_H 1
| #define HAVE_MEMORY_H 1
| #define HAVE_STRINGS_H 1
| #define HAVE_INTTYPES_H 1
| #define HAVE_STDINT_H 1
| #define HAVE_UNISTD_H 1
| #define HAVE_DLFCN_H 1
| #ifdef __cplusplus
| extern "C" void exit (int) throw ();
| #endif
| #define STDC_HEADERS 1
| #define HAVE_STDINT_H 1
| #define HAVE_INTTYPES_H 1
| #define HAVE_FLOAT_H 1
| #define HAVE_STRCHR 1
| #define HAVE_MEMCPY 1
| #define HAVE_SYS_TIME_H 1
| #define TIME_WITH_SYS_TIME 1
| #define HAVE_ERRNO_H 1
| #define HAVE_SYS_STAT_H 1
| #define HAVE_SYS_TYPES_H 1
| #define HAVE_LIMITS_H 1
| /* end confdefs.h.  */
| #include <stdio.h>
| #if HAVE_SYS_TYPES_H
| # include <sys/types.h>
| #endif
| #if HAVE_SYS_STAT_H
| # include <sys/stat.h>
| #endif
| #if STDC_HEADERS
| # include <stdlib.h>
| # include <stddef.h>
| #else
| # if HAVE_STDLIB_H
| #  include <stdlib.h>
| # endif
| #endif
| #if HAVE_STRING_H
| # if !STDC_HEADERS && HAVE_MEMORY_H
| #  include <memory.h>
| # endif
| # include <string.h>
| #endif
| #if HAVE_STRINGS_H
| # include <strings.h>
| #endif
| #if HAVE_INTTYPES_H
| # include <inttypes.h>
| #else
| # if HAVE_STDINT_H
| #  include <stdint.h>
| # endif
| #endif
| #if HAVE_UNISTD_H
| # include <unistd.h>
| #endif
| #include <IOKit/IOKitLib.h>
configure:21106: result: no
configure:21110: checking IOKit/IOKitLib.h presence
configure:21120: arm-linux-gcc -E  conftest.c
conftest.c:37:28: error: IOKit/IOKitLib.h: No such file or directory
configure:21126: $? = 1
configure: failed program was:
| /* confdefs.h.  */
| 
| #define PACKAGE_NAME ""
| #define PACKAGE_TARNAME ""
| #define PACKAGE_VERSION ""
| #define PACKAGE_STRING ""
| #define PACKAGE_BUGREPORT ""
| #define PACKAGE "faad2"
| #define VERSION "2.0"
| #define STDC_HEADERS 1
| #define HAVE_SYS_TYPES_H 1
| #define HAVE_SYS_STAT_H 1
| #define HAVE_STDLIB_H 1
| #define HAVE_STRING_H 1
| #define HAVE_MEMORY_H 1
| #define HAVE_STRINGS_H 1
| #define HAVE_INTTYPES_H 1
| #define HAVE_STDINT_H 1
| #define HAVE_UNISTD_H 1
| #define HAVE_DLFCN_H 1
| #ifdef __cplusplus
| extern "C" void exit (int) throw ();
| #endif
| #define STDC_HEADERS 1
| #define HAVE_STDINT_H 1
| #define HAVE_INTTYPES_H 1
| #define HAVE_FLOAT_H 1
| #define HAVE_STRCHR 1
| #define HAVE_MEMCPY 1
| #define HAVE_SYS_TIME_H 1
| #define TIME_WITH_SYS_TIME 1
| #define HAVE_ERRNO_H 1
| #define HAVE_SYS_STAT_H 1
| #define HAVE_SYS_TYPES_H 1
| #define HAVE_LIMITS_H 1
| /* end confdefs.h.  */
| #include <IOKit/IOKitLib.h>
configure:21146: result: no
configure:21181: checking for IOKit/IOKitLib.h
configure:21188: result: no
configure:21272: checking for getpwuid
configure:21329: arm-linux-gcc -o conftest -g -O2   conftest.c  >&5
configure:21335: $? = 0
configure:21339: test -z 
			 || test ! -s conftest.err
configure:21342: $? = 0
configure:21345: test -s conftest
configure:21348: $? = 0
configure:21360: result: yes
configure:21371: checking for inline
configure:21392: arm-linux-gcc -c -g -O2  conftest.c >&5
configure:21398: $? = 0
configure:21402: test -z 
			 || test ! -s conftest.err
configure:21405: $? = 0
configure:21408: test -s conftest.o
configure:21411: $? = 0
configure:21423: result: inline
configure:21442: checking whether byte ordering is bigendian
configure:21469: arm-linux-gcc -c -g -O2  conftest.c >&5
configure:21475: $? = 0
configure:21479: test -z 
			 || test ! -s conftest.err
configure:21482: $? = 0
configure:21485: test -s conftest.o
configure:21488: $? = 0
configure:21512: arm-linux-gcc -c -g -O2  conftest.c >&5
conftest.c: In function 'main':
conftest.c:45: error: 'not' undeclared (first use in this function)
conftest.c:45: error: (Each undeclared identifier is reported only once
conftest.c:45: error: for each function it appears in.)
conftest.c:45: error: expected ';' before 'big'
configure:21518: $? = 1
configure: failed program was:
| /* confdefs.h.  */
| 
| #define PACKAGE_NAME ""
| #define PACKAGE_TARNAME ""
| #define PACKAGE_VERSION ""
| #define PACKAGE_STRING ""
| #define PACKAGE_BUGREPORT ""
| #define PACKAGE "faad2"
| #define VERSION "2.0"
| #define STDC_HEADERS 1
| #define HAVE_SYS_TYPES_H 1
| #define HAVE_SYS_STAT_H 1
| #define HAVE_STDLIB_H 1
| #define HAVE_STRING_H 1
| #define HAVE_MEMORY_H 1
| #define HAVE_STRINGS_H 1
| #define HAVE_INTTYPES_H 1
| #define HAVE_STDINT_H 1
| #define HAVE_UNISTD_H 1
| #define HAVE_DLFCN_H 1
| #ifdef __cplusplus
| extern "C" void exit (int) throw ();
| #endif
| #define STDC_HEADERS 1
| #define HAVE_STDINT_H 1
| #define HAVE_INTTYPES_H 1
| #define HAVE_FLOAT_H 1
| #define HAVE_STRCHR 1
| #define HAVE_MEMCPY 1
| #define HAVE_SYS_TIME_H 1
| #define TIME_WITH_SYS_TIME 1
| #define HAVE_ERRNO_H 1
| #define HAVE_SYS_STAT_H 1
| #define HAVE_SYS_TYPES_H 1
| #define HAVE_LIMITS_H 1
| #define HAVE_GETPWUID 1
| /* end confdefs.h.  */
| #include <sys/types.h>
| #include <sys/param.h>
| 
| int
| main ()
| {
| #if BYTE_ORDER != BIG_ENDIAN
|  not big endian
| #endif
| 
|   ;
|   return 0;
| }
configure:21653: result: no
configure:21673: checking for off_t
configure:21697: arm-linux-gcc -c -g -O2  conftest.c >&5
configure:21703: $? = 0
configure:21707: test -z 
			 || test ! -s conftest.err
configure:21710: $? = 0
configure:21713: test -s conftest.o
configure:21716: $? = 0
configure:21727: result: yes
configure:21744: checking for float32_t temp
configure:21763: arm-linux-gcc -c -g -O2  conftest.c >&5
conftest.c:38:23: warning: extra tokens at end of #include directive
conftest.c:39:31: error: sys/float.h: No such file or directory
conftest.c: In function 'main':
conftest.c:43: error: 'float32_t' undeclared (first use in this function)
conftest.c:43: error: (Each undeclared identifier is reported only once
conftest.c:43: error: for each function it appears in.)
conftest.c:43: error: expected ';' before 'temp'
configure:21769: $? = 1
configure: failed program was:
| /* confdefs.h.  */
| 
| #define PACKAGE_NAME ""
| #define PACKAGE_TARNAME ""
| #define PACKAGE_VERSION ""
| #define PACKAGE_STRING ""
| #define PACKAGE_BUGREPORT ""
| #define PACKAGE "faad2"
| #define VERSION "2.0"
| #define STDC_HEADERS 1
| #define HAVE_SYS_TYPES_H 1
| #define HAVE_SYS_STAT_H 1
| #define HAVE_STDLIB_H 1
| #define HAVE_STRING_H 1
| #define HAVE_MEMORY_H 1
| #define HAVE_STRINGS_H 1
| #define HAVE_INTTYPES_H 1
| #define HAVE_STDINT_H 1
| #define HAVE_UNISTD_H 1
| #define HAVE_DLFCN_H 1
| #ifdef __cplusplus
| extern "C" void exit (int) throw ();
| #endif
| #define STDC_HEADERS 1
| #define HAVE_STDINT_H 1
| #define HAVE_INTTYPES_H 1
| #define HAVE_FLOAT_H 1
| #define HAVE_STRCHR 1
| #define HAVE_MEMCPY 1
| #define HAVE_SYS_TIME_H 1
| #define TIME_WITH_SYS_TIME 1
| #define HAVE_ERRNO_H 1
| #define HAVE_SYS_STAT_H 1
| #define HAVE_SYS_TYPES_H 1
| #define HAVE_LIMITS_H 1
| #define HAVE_GETPWUID 1
| /* end confdefs.h.  */
| #include <sys/types.h>,
|         #include <sys/float.h>
| int
| main ()
| {
| float32_t temp;
|   ;
|   return 0;
| }
configure:21801: result: no
configure:21810: checking for strsep
configure:21867: arm-linux-gcc -o conftest -g -O2   conftest.c  >&5
configure:21873: $? = 0
configure:21877: test -z 
			 || test ! -s conftest.err
configure:21880: $? = 0
configure:21883: test -s conftest
configure:21886: $? = 0
configure:21898: result: yes
configure:21915: checking for mpeg4ip-config
configure:21942: result: no
configure:22373: no xmms build configured
configure:22508: creating ./config.status

## ---------------------- ##
## Running config.status. ##
## ---------------------- ##

This file was extended by config.status, which was
generated by GNU Autoconf 2.59.  Invocation command line was

  CONFIG_FILES    = 
  CONFIG_HEADERS  = 
  CONFIG_LINKS    = 
  CONFIG_COMMANDS = 
  $ ./config.status 

on soc3

config.status:711: creating libfaad/Makefile
config.status:711: creating common/Makefile
config.status:711: creating common/mp4ff/Makefile
config.status:711: creating plugins/Makefile
config.status:711: creating plugins/xmms/Makefile
config.status:711: creating plugins/xmms/src/Makefile
config.status:711: creating faad2.spec
config.status:711: creating frontend/Makefile
config.status:711: creating Makefile
config.status:815: creating config.h
config.status:1111: executing default-1 commands

## ---------------- ##
## Cache variables. ##
## ---------------- ##

ac_cv_build=i686-pc-linux-gnu
ac_cv_build_alias=i686-pc-linux-gnu
ac_cv_c_bigendian=no
ac_cv_c_compiler_gnu=yes
ac_cv_c_inline=inline
ac_cv_cxx_compiler_gnu=yes
ac_cv_env_CC_set=set
ac_cv_env_CC_value=arm-linux-gcc
ac_cv_env_CFLAGS_set=
ac_cv_env_CFLAGS_value=
ac_cv_env_CPPFLAGS_set=
ac_cv_env_CPPFLAGS_value=
ac_cv_env_CPP_set=
ac_cv_env_CPP_value=
ac_cv_env_CXXCPP_set=
ac_cv_env_CXXCPP_value=
ac_cv_env_CXXFLAGS_set=set
ac_cv_env_CXXFLAGS_value='--static -O3 -L/misc/scratch/wodonnell/soc/drm-1.2.4-fxp/faad2/libfaad/.libs -I/misc/scratch/wodonnell/soc/drm-1.2.4-fxp/faad2/include'
ac_cv_env_CXX_set=set
ac_cv_env_CXX_value='arm-linux-g++ -pg -fpermissive'
ac_cv_env_F77_set=
ac_cv_env_F77_value=
ac_cv_env_FFLAGS_set=
ac_cv_env_FFLAGS_value=
ac_cv_env_LDFLAGS_set=
ac_cv_env_LDFLAGS_value=
ac_cv_env_build_alias_set=
ac_cv_env_build_alias_value=
ac_cv_env_host_alias_set=set
ac_cv_env_host_alias_value=arm-linux
ac_cv_env_target_alias_set=
ac_cv_env_target_alias_value=
ac_cv_exeext=
ac_cv_f77_compiler_gnu=yes
ac_cv_func_getpwuid=yes
ac_cv_func_memcpy=yes
ac_cv_func_strchr=yes
ac_cv_func_strsep=yes
ac_cv_header_IOKit_IOKitLib_h=no
ac_cv_header_dlfcn_h=yes
ac_cv_header_errno_h=yes
ac_cv_header_float_h=yes
ac_cv_header_inttypes_h=yes
ac_cv_header_limits_h=yes
ac_cv_header_mathf_h=no
ac_cv_header_memory_h=yes
ac_cv_header_stdc=yes
ac_cv_header_stdint_h=yes
ac_cv_header_stdlib_h=yes
ac_cv_header_string_h=yes
ac_cv_header_strings_h=yes
ac_cv_header_sys_stat_h=yes
ac_cv_header_sys_time_h=yes
ac_cv_header_sys_types_h=yes
ac_cv_header_sysfs_libsysfs_h=no
ac_cv_header_time=yes
ac_cv_header_unistd_h=yes
ac_cv_host=arm-unknown-linux-gnu
ac_cv_host_alias=arm-linux
ac_cv_objext=o
ac_cv_path_install='/usr/bin/install -c'
ac_cv_prog_AR=arm-linux-ar
ac_cv_prog_CC=arm-linux-gcc
ac_cv_prog_CPP='arm-linux-gcc -E'
ac_cv_prog_CXX='arm-linux-g++ -pg -fpermissive'
ac_cv_prog_CXXCPP='arm-linux-g++ -pg -fpermissive -E'
ac_cv_prog_RANLIB=arm-linux-ranlib
ac_cv_prog_RPMBUILD=rpmbuild
ac_cv_prog_STRIP=arm-linux-strip
ac_cv_prog_ac_ct_F77=g77
ac_cv_prog_cc_g=yes
ac_cv_prog_cc_stdc=
ac_cv_prog_cxx_g=yes
ac_cv_prog_egrep='grep -E'
ac_cv_prog_external_mp4v2=no
ac_cv_prog_f77_g=yes
ac_cv_prog_make_make_set=yes
ac_cv_type_off_t=yes
lt_cv_deplibs_check_method=pass_all
lt_cv_file_magic_cmd='$MAGIC_CMD'
lt_cv_file_magic_test_file=
lt_cv_ld_reload_flag=-r
lt_cv_objdir=.libs
lt_cv_path_LD=/misc/linuxws/packages/arm/arm-2008q1/arm-none-linux-gnueabi/bin/ld
lt_cv_path_LDCXX=/misc/linuxws/packages/arm/arm-2008q1/arm-none-linux-gnueabi/bin/ld
lt_cv_path_NM='/usr/local/packages/arm/arm-2008q1/bin/arm-linux-nm -B'
lt_cv_path_SED=/bin/sed
lt_cv_prog_compiler_c_o=yes
lt_cv_prog_compiler_c_o_CXX=yes
lt_cv_prog_compiler_c_o_F77=yes
lt_cv_prog_compiler_rtti_exceptions=no
lt_cv_prog_gnu_ld=yes
lt_cv_prog_gnu_ldcxx=yes
lt_cv_sys_global_symbol_pipe='sed -n -e '\''s/^.*[ 	]\([ABCDGIRSTW][ABCDGIRSTW]*\)[ 	][ 	]*\(\)\([_A-Za-z][_A-Za-z0-9]*\)$/\1 \2\3 \3/p'\'''
lt_cv_sys_global_symbol_to_c_name_address='sed -n -e '\''s/^: \([^ ]*\) $/  {\"\1\", (lt_ptr) 0},/p'\'' -e '\''s/^[BCDEGRST] \([^ ]*\) \([^ ]*\)$/  {"\2", (lt_ptr) \&\2},/p'\'''
lt_cv_sys_global_symbol_to_cdecl='sed -n -e '\''s/^. .* \(.*\)$/extern int \1;/p'\'''
lt_cv_sys_max_cmd_len=32768
lt_lt_cv_prog_compiler_c_o='"yes"'
lt_lt_cv_prog_compiler_c_o_CXX='"yes"'
lt_lt_cv_prog_compiler_c_o_F77='"yes"'
lt_lt_cv_sys_global_symbol_pipe='"sed -n -e '\''s/^.*[ 	]\\([ABCDGIRSTW][ABCDGIRSTW]*\\)[ 	][ 	]*\\(\\)\\([_A-Za-z][_A-Za-z0-9]*\\)\$/\\1 \\2\\3 \\3/p'\''"'
lt_lt_cv_sys_global_symbol_to_c_name_address='"sed -n -e '\''s/^: \\([^ ]*\\) \$/  {\\\"\\1\\\", (lt_ptr) 0},/p'\'' -e '\''s/^[BCDEGRST] \\([^ ]*\\) \\([^ ]*\\)\$/  {\"\\2\", (lt_ptr) \\&\\2},/p'\''"'
lt_lt_cv_sys_global_symbol_to_cdecl='"sed -n -e '\''s/^. .* \\(.*\\)\$/extern int \\1;/p'\''"'

## ----------------- ##
## Output variables. ##
## ----------------- ##

ACLOCAL='aclocal-1.4'
AR='arm-linux-ar'
AUTOCONF='autoconf'
AUTOHEADER='autoheader'
AUTOMAKE='automake-1.4'
CC='arm-linux-gcc'
CFLAGS='-g -O2'
CPP='arm-linux-gcc -E'
CPPFLAGS=''
CXX='arm-linux-g++ -pg -fpermissive'
CXXCPP='arm-linux-g++ -pg -fpermissive -E'
CXXFLAGS='--static -O3 -L/misc/scratch/wodonnell/soc/drm-1.2.4-fxp/faad2/libfaad/.libs -I/misc/scratch/wodonnell/soc/drm-1.2.4-fxp/faad2/include'
DEFS='-DHAVE_CONFIG_H'
ECHO='echo'
ECHO_C=''
ECHO_N='-n'
ECHO_T=''
EGREP='grep -E'
EXEEXT=''
F77='g77'
FFLAGS='-g -O2'
GTK_CONFIG=''
HAVE_MPEG4IP_PLUG_FALSE=''
HAVE_MPEG4IP_PLUG_TRUE='#'
HAVE_XMMS_FALSE=''
HAVE_XMMS_TRUE='#'
INSTALL_DATA='${INSTALL} -m 644'
INSTALL_PROGRAM='${INSTALL}'
INSTALL_SCRIPT='${INSTALL}'
LDFLAGS=''
LIBOBJS=''
LIBS=''
LIBTOOL='$(SHELL) $(top_builddir)/libtool'
LIBTOOL_DEPS='./ltmain.sh'
LN_S='ln -s'
LTLIBOBJS=''
MAKEINFO='makeinfo'
MP4FF_LIBS=''
OBJEXT='o'
PACKAGE='faad2'
PACKAGE_BUGREPORT=''
PACKAGE_NAME=''
PACKAGE_STRING=''
PACKAGE_TARNAME=''
PACKAGE_VERSION=''
PATH_SEPARATOR=':'
RANLIB='arm-linux-ranlib'
RPMBUILD='rpmbuild'
SET_MAKE=''
SHELL='/bin/sh'
STRIP='arm-linux-strip'
VERSION='2.0'
XMMS_CONFIG=''
ac_ct_AR=''
ac_ct_CC=''
ac_ct_CXX=''
ac_ct_F77='g77'
ac_ct_RANLIB=''
ac_ct_STRIP=''
bindir='${exec_prefix}/bin'
build='i686-pc-linux-gnu'
build_alias=''
build_cpu='i686'
build_os='linux-gnu'
build_vendor='pc'
datadir='${prefix}/share'
exec_prefix='${prefix}'
external_mp4v2='no'
host='arm-unknown-linux-gnu'
host_alias='arm-linux'
host_cpu='arm'
host_os='linux-gnu'
host_vendor='unknown'
includedir='${prefix}/include'
infodir='${prefix}/info'
libdir='${exec_prefix}/lib'
libexecdir='${exec_prefix}/libexec'
localstatedir='${prefix}/var'
mandir='${prefix}/man'
oldincludedir='/usr/include'
prefix='/usr/local'
program_transform_name='s,x,x,'
sbindir='${exec_prefix}/sbin'
sharedstatedir='${prefix}/com'
sysconfdir='${prefix}/etc'
target_alias=''

## ----------- ##
## confdefs.h. ##
## ----------- ##

#define DRM 1
#define HAVE_DLFCN_H 1
#define HAVE_ERRNO_H 1
#define HAVE_FLOAT_H 1
#define HAVE_GETPWUID 1
#define HAVE_INTTYPES_H 1
#define HAVE_INTTYPES_H 1
#define HAVE_LIMITS_H 1
#define HAVE_MEMCPY 1
#define HAVE_MEMORY_H 1
#define HAVE_STDINT_H 1
#define HAVE_STDINT_H 1
#define HAVE_STDLIB_H 1
#define HAVE_STRCHR 1
#define HAVE_STRINGS_H 1
#define HAVE_STRING_H 1
#define HAVE_STRSEP 1
#define HAVE_SYS_STAT_H 1
#define HAVE_SYS_STAT_H 1
#define HAVE_SYS_TIME_H 1
#define HAVE_SYS_TYPES_H 1
#define HAVE_SYS_TYPES_H 1
#define HAVE_UNISTD_H 1
#define PACKAGE "faad2"
#define PACKAGE_BUGREPORT ""
#define PACKAGE_NAME ""
#define PACKAGE_STRING ""
#define PACKAGE_TARNAME ""
#define PACKAGE_VERSION ""
#define STDC_HEADERS 1
#define STDC_HEADERS 1
#define TIME_WITH_SYS_TIME 1
#define VERSION "2.0"
#endif
#ifdef __cplusplus
extern "C" void exit (int) throw ();

configure: exit 0

## ---------------------- ##
## Running config.status. ##
## ---------------------- ##

This file was extended by config.status, which was
generated by GNU Autoconf 2.59.  Invocation command line was

  CONFIG_FILES    = libfaad/Makefile
  CONFIG_HEADERS  = 
  CONFIG_LINKS    = 
  CONFIG_COMMANDS = 
  $ ./config.status 

on soc3

config.status:711: creating libfaad/Makefile
config.status:1111: executing default-1 commands

## ---------------------- ##
## Running config.status. ##
## ---------------------- ##

This file was extended by config.status, which was
generated by GNU Autoconf 2.59.  Invocation command line was

  CONFIG_FILES    = common/Makefile
  CONFIG_HEADERS  = 
  CONFIG_LINKS    = 
  CONFIG_COMMANDS = 
  $ ./config.status 

on soc3

config.status:711: creating common/Makefile
config.status:1111: executing default-1 commands

## ---------------------- ##
## Running config.status. ##
## ---------------------- ##

This file was extended by config.status, which was
generated by GNU Autoconf 2.59.  Invocation command line was

  CONFIG_FILES    = common/mp4ff/Makefile
  CONFIG_HEADERS  = 
  CONFIG_LINKS    = 
  CONFIG_COMMANDS = 
  $ ./config.status 

on soc3

config.status:711: creating common/mp4ff/Makefile
config.status:1111: executing default-1 commands

## ---------------------- ##
## Running config.status. ##
## ---------------------- ##

This file was extended by config.status, which was
generated by GNU Autoconf 2.59.  Invocation command line was

  CONFIG_FILES    = frontend/Makefile
  CONFIG_HEADERS  = 
  CONFIG_LINKS    = 
  CONFIG_COMMANDS = 
  $ ./config.status 

on soc3

config.status:711: creating frontend/Makefile
config.status:1111: executing default-1 commands
